[10:00:23] [Client thread/INFO]: Setting user: Player952
[10:00:23] [Client thread/INFO]: (Session ID is token:0:Player952)
[10:00:26] [Client thread/INFO]: [OptiFine] *** Reflector Forge ***
[10:00:26] [Client thread/INFO]: [OptiFine] *** Reflector Vanilla ***
[10:00:26] [Client thread/INFO]: [OptiFine] (Reflector) Class not present: net.minecraftforge.fml.common.eventhandler.Event$Result
[10:00:26] [Client thread/INFO]: [OptiFine] (Reflector) Class not present: net.minecraft.launchwrapper.Launch
[10:00:26] [Client thread/INFO]: LWJGL Version: 2.9.4
[10:00:26] [Client thread/INFO]: [OptiFine] 
[10:00:26] [Client thread/INFO]: [OptiFine] OptiFine_1.8.9_HD_U_M6_pre2
[10:00:26] [Client thread/INFO]: [OptiFine] Build: null
[10:00:26] [Client thread/INFO]: [OptiFine] OS: Mac OS X (x86_64) version 12.5.1
[10:00:26] [Client thread/INFO]: [OptiFine] Java: 1.8.0_381, Oracle Corporation
[10:00:26] [Client thread/INFO]: [OptiFine] VM: Java HotSpot(TM) 64-Bit Server VM (mixed mode), Oracle Corporation
[10:00:26] [Client thread/INFO]: [OptiFine] LWJGL: 2.9.4
[10:00:26] [Client thread/INFO]: [OptiFine] OpenGL: AMD Radeon Pro 560 OpenGL Engine, version 2.1 ATI-4.8.101, ATI Technologies Inc.
[10:00:26] [Client thread/INFO]: [OptiFine] OpenGL Version: 2.1.0
[10:00:26] [Client thread/INFO]: [OptiFine] Maximum texture size: 16384x16384
[10:00:26] [VersionCheck/INFO]: [OptiFine] Checking for new version
[10:00:26] [Client thread/INFO]: [Shaders] OpenGL Version: 2.1 ATI-4.8.101
[10:00:26] [Client thread/INFO]: [Shaders] Vendor:  ATI Technologies Inc.
[10:00:26] [Client thread/INFO]: [Shaders] Renderer: AMD Radeon Pro 560 OpenGL Engine
[10:00:26] [Client thread/INFO]: [Shaders] Capabilities:  2.0  2.1  -  -  - 
[10:00:26] [Client thread/INFO]: [Shaders] GL_MAX_DRAW_BUFFERS: 8
[10:00:26] [Client thread/INFO]: [Shaders] GL_MAX_COLOR_ATTACHMENTS_EXT: 8
[10:00:26] [Client thread/INFO]: [Shaders] GL_MAX_TEXTURE_IMAGE_UNITS: 16
[10:00:26] [Client thread/INFO]: [Shaders] Load shaders configuration.
[10:00:26] [Client thread/INFO]: [Shaders] Loaded shaderpack: Client MotionBlur.zip
[10:00:26] [Client thread/INFO]: [OptiFine] (Reflector) Class not present: net.minecraftforge.fml.common.Loader
[10:00:26] [Client thread/INFO]: [OptiFine] (Reflector) Class not present: net.minecraftforge.client.model.Attributes
[10:00:26] [Client thread/INFO]: [OptiFine] (Reflector) Class not present: net.minecraftforge.client.model.pipeline.LightUtil
[10:00:26] [Client thread/INFO]: [OptiFine] VboRegions not supported, missing: OpenGL 1.3, ARB_copy_buffer
[10:00:26] [Client thread/INFO]: [OptiFine] (Reflector) Class not present: net.minecraftforge.fml.client.SplashProgress
[10:00:26] [VersionCheck/INFO]: [OptiFine] Version found: M5
[10:00:27] [Client thread/INFO]: Reloading ResourceManager: Default, !§3ハク§6pack §f[16x].zip
[10:00:27] [Client thread/INFO]: [OptiFine] (Reflector) Class not present: optifine.OptiFineClassTransformer
[10:00:27] [Client thread/INFO]: [OptiFine] *** Reloading textures ***
[10:00:27] [Client thread/INFO]: [OptiFine] Resource packs: !§3ハク§6pack §f[16x].zip
[10:00:27] [Client thread/INFO]: [OptiFine] (Reflector) Method not present: net.minecraft.client.renderer.vertex.VertexFormatElement$EnumUsage.preDraw
[10:00:27] [Client thread/INFO]: [OptiFine] (Reflector) Method not present: net.minecraft.client.renderer.vertex.VertexFormatElement$EnumUsage.postDraw
[10:00:27] [Sound Library Loader/INFO]: Starting up SoundSystem...
[10:00:27] [Thread-6/INFO]: Initializing LWJGL OpenAL
[10:00:27] [Thread-6/INFO]: (The LWJGL binding of OpenAL.  For more information, see http://www.lwjgl.org)
[10:00:28] [Thread-6/INFO]: OpenAL initialized.
[10:00:28] [Sound Library Loader/INFO]: Sound engine started
[10:00:28] [Client thread/INFO]: [OptiFine] (Reflector) Class not present: net.minecraftforge.client.ForgeHooksClient
[10:00:29] [Client thread/INFO]: [OptiFine] Multitexture: false
[10:00:29] [Client thread/INFO]: [OptiFine] ConnectedTextures: mcpatcher/ctm/glass black/glass_black.properties
[10:00:29] [Client thread/INFO]: [OptiFine] ConnectedTextures: mcpatcher/ctm/glass blue/glass_blue.properties
[10:00:29] [Client thread/INFO]: [OptiFine] ConnectedTextures: mcpatcher/ctm/glass brown/glass_brown.properties
[10:00:29] [Client thread/INFO]: [OptiFine] ConnectedTextures: mcpatcher/ctm/glass cyan/glass_cyan.properties
[10:00:29] [Client thread/INFO]: [OptiFine] ConnectedTextures: mcpatcher/ctm/glass gray/glass_gray.properties
[10:00:29] [Client thread/INFO]: [OptiFine] ConnectedTextures: mcpatcher/ctm/glass green/glass_green.properties
[10:00:29] [Client thread/INFO]: [OptiFine] ConnectedTextures: mcpatcher/ctm/glass light blue/glass_light_blue.properties
[10:00:29] [Client thread/INFO]: [OptiFine] ConnectedTextures: mcpatcher/ctm/glass light gray/glass_silver.properties
[10:00:29] [Client thread/INFO]: [OptiFine] ConnectedTextures: mcpatcher/ctm/glass lime/glass_lime.properties
[10:00:29] [Client thread/INFO]: [OptiFine] ConnectedTextures: mcpatcher/ctm/glass magenta/glass_magenta.properties
[10:00:29] [Client thread/INFO]: [OptiFine] ConnectedTextures: mcpatcher/ctm/glass orange/glass_orange.properties
[10:00:29] [Client thread/INFO]: [OptiFine] ConnectedTextures: mcpatcher/ctm/glass pink/glass_pink.properties
[10:00:29] [Client thread/INFO]: [OptiFine] ConnectedTextures: mcpatcher/ctm/glass purple/glass_purple.properties
[10:00:29] [Client thread/INFO]: [OptiFine] ConnectedTextures: mcpatcher/ctm/glass red/glass_red.properties
[10:00:29] [Client thread/INFO]: [OptiFine] ConnectedTextures: mcpatcher/ctm/glass white/glass_white.properties
[10:00:29] [Client thread/INFO]: [OptiFine] ConnectedTextures: mcpatcher/ctm/glass yellow/glass_yellow.properties
[10:00:29] [Client thread/INFO]: [OptiFine] ConnectedTextures: mcpatcher/ctm/glass/Black Glass/glass_black.properties
[10:00:29] [Client thread/INFO]: [OptiFine] ConnectedTextures: mcpatcher/ctm/glass/Blue Glass/glass_blue.properties
[10:00:29] [Client thread/INFO]: [OptiFine] ConnectedTextures: mcpatcher/ctm/glass/Brown Glass/glass_brown.properties
[10:00:29] [Client thread/INFO]: [OptiFine] ConnectedTextures: mcpatcher/ctm/glass/Cyan Glass/glass_cyan.properties
[10:00:29] [Client thread/INFO]: [OptiFine] ConnectedTextures: mcpatcher/ctm/glass/Green Glass/glass_green.properties
[10:00:29] [Client thread/INFO]: [OptiFine] ConnectedTextures: mcpatcher/ctm/glass/Grey Glass/glass_gray.properties
[10:00:29] [Client thread/INFO]: [OptiFine] ConnectedTextures: mcpatcher/ctm/glass/Light Blue Glass/glass_light_blue.properties
[10:00:29] [Client thread/INFO]: [OptiFine] ConnectedTextures: mcpatcher/ctm/glass/Light Grey Glass/glass_silver.properties
[10:00:29] [Client thread/INFO]: [OptiFine] ConnectedTextures: mcpatcher/ctm/glass/Lime Glass/glass_lime.properties
[10:00:29] [Client thread/INFO]: [OptiFine] ConnectedTextures: mcpatcher/ctm/glass/Magenta Glass/glass_magenta.properties
[10:00:29] [Client thread/INFO]: [OptiFine] ConnectedTextures: mcpatcher/ctm/glass/Normal/glass.properties
[10:00:29] [Client thread/INFO]: [OptiFine] ConnectedTextures: mcpatcher/ctm/glass/Orange Glass/glass_orange.properties
[10:00:29] [Client thread/INFO]: [OptiFine] ConnectedTextures: mcpatcher/ctm/glass/Pink Glass/glass_pink.properties
[10:00:29] [Client thread/INFO]: [OptiFine] ConnectedTextures: mcpatcher/ctm/glass/Purple Glass/glass_purple.properties
[10:00:29] [Client thread/INFO]: [OptiFine] ConnectedTextures: mcpatcher/ctm/glass/Red Glass/glass_red.properties
[10:00:29] [Client thread/INFO]: [OptiFine] ConnectedTextures: mcpatcher/ctm/glass/White Glass/glass_white.properties
[10:00:29] [Client thread/INFO]: [OptiFine] ConnectedTextures: mcpatcher/ctm/glass/Yellow Glass/glass_yellow.properties
[10:00:29] [Client thread/INFO]: [OptiFine] ConnectedTextures: mcpatcher/ctm/glass/glass.properties
[10:00:29] [Client thread/INFO]: [OptiFine] ConnectedTextures: mcpatcher/ctm/glass_clear/glass.properties
[10:00:29] [Client thread/INFO]: [OptiFine] Multipass connected textures: false
[10:00:29] [Client thread/INFO]: [OptiFine] Multipass connected textures: false
[10:00:29] [Client thread/INFO]: [OptiFine] BetterGrass: Parsing default configuration optifine/bettergrass.properties
[10:00:32] [Client thread/INFO]: Created: 4096x2048 textures-atlas
[10:00:32] [Client thread/INFO]: [Shaders] allocateTextureMap 2 4096 2048 
[10:00:32] [Client thread/INFO]: [OptiFine] Animated sprites: 11
[10:00:33] [Client thread/INFO]: [OptiFine] (Reflector) Class not present: net.minecraftforge.client.model.ModelLoader
[10:00:33] [Client thread/INFO]: [OptiFine] (Reflector) Class not present: net.minecraftforge.client.ItemModelMesherForge
[10:00:33] [Client thread/INFO]: [OptiFine] (Reflector) Class not present: net.minecraftforge.fml.client.registry.RenderingRegistry
[10:00:33] [Client thread/INFO]: [OptiFine] (Reflector) Class not present: net.minecraftforge.common.ForgeModContainer
[10:00:33] [Client thread/INFO]: [OptiFine] (Reflector) Class not present: net.minecraftforge.fml.client.GuiModList
[10:00:33] [Client thread/ERROR]: Realms module missing
java.lang.ClassNotFoundException: com.mojang.realmsclient.gui.screens.RealmsNotificationsScreen
	at java.net.URLClassLoader.findClass(URLClassLoader.java:387) ~[?:1.8.0_381]
	at java.lang.ClassLoader.loadClass(ClassLoader.java:418) ~[?:1.8.0_381]
	at sun.misc.Launcher$AppClassLoader.loadClass(Launcher.java:355) ~[?:1.8.0_381]
	at java.lang.ClassLoader.loadClass(ClassLoader.java:351) ~[?:1.8.0_381]
	at java.lang.Class.forName0(Native Method) ~[?:1.8.0_381]
	at java.lang.Class.forName(Class.java:264) ~[?:1.8.0_381]
	at net.minecraft.realms.RealmsBridge.getNotificationScreen(RealmsBridge.java:38) [bin/:?]
	at net.minecraft.client.gui.GuiMainMenu.initGui(GuiMainMenu.java:219) [bin/:?]
	at net.minecraft.client.gui.GuiScreen.setWorldAndResolution(GuiScreen.java:486) [bin/:?]
	at net.minecraft.client.Minecraft.displayGuiScreen(Minecraft.java:920) [bin/:?]
	at net.minecraft.client.Minecraft.startGame(Minecraft.java:504) [bin/:?]
	at net.minecraft.client.Minecraft.run(Minecraft.java:334) [bin/:?]
	at net.minecraft.client.main.Main.main(Main.java:113) [bin/:?]
	at Start.main(Start.java:11) [bin/:?]
[10:00:33] [Client thread/INFO]: [OptiFine] (Reflector) Class not present: mods.betterfoliage.client.BetterFoliageClient
[10:00:33] [Client thread/INFO]: [OptiFine] (Reflector) Class not present: net.minecraftforge.fml.common.asm.transformers.BlamingTransformer
[10:00:33] [Client thread/INFO]: [OptiFine] (Reflector) Class not present: net.minecraftforge.event.world.ChunkWatchEvent$UnWatch
[10:00:33] [Client thread/INFO]: [OptiFine] (Reflector) Class not present: net.minecraftforge.fml.relauncher.CoreModManager
[10:00:33] [Client thread/INFO]: [OptiFine] (Reflector) Class not present: net.minecraftforge.common.DimensionManager
[10:00:33] [Client thread/INFO]: [OptiFine] (Reflector) Class not present: net.minecraftforge.client.event.GuiScreenEvent$DrawScreenEvent$Pre
[10:00:33] [Client thread/INFO]: [OptiFine] (Reflector) Class not present: net.minecraftforge.client.event.GuiScreenEvent$DrawScreenEvent$Post
[10:00:33] [Client thread/INFO]: [OptiFine] (Reflector) Class not present: net.minecraftforge.client.event.EntityViewRenderEvent$CameraSetup
[10:00:33] [Client thread/INFO]: [OptiFine] (Reflector) Class not present: net.minecraftforge.client.event.EntityViewRenderEvent$FogColors
[10:00:33] [Client thread/INFO]: [OptiFine] (Reflector) Class not present: net.minecraftforge.fml.common.eventhandler.Event
[10:00:33] [Client thread/INFO]: [OptiFine] (Reflector) Class not present: net.minecraftforge.fml.common.eventhandler.EventBus
[10:00:33] [Client thread/INFO]: [OptiFine] (Reflector) Class not present: net.minecraftforge.common.property.ExtendedBlockState
[10:00:33] [Client thread/INFO]: [OptiFine] (Reflector) Class not present: net.minecraftforge.fml.client.FMLClientHandler
[10:00:33] [Client thread/INFO]: [OptiFine] (Reflector) Class not present: net.minecraftforge.fml.common.FMLCommonHandler
[10:00:33] [Client thread/INFO]: [OptiFine] (Reflector) Method not present: net.minecraft.world.biome.BiomeGenBase.getWaterColorMultiplier
[10:00:33] [Client thread/INFO]: [OptiFine] (Reflector) Method not present: net.minecraft.block.Block.addDestroyEffects
[10:00:33] [Client thread/INFO]: [OptiFine] (Reflector) Method not present: net.minecraft.block.Block.addHitEffects
[10:00:33] [Client thread/INFO]: [OptiFine] (Reflector) Method not present: net.minecraft.block.Block.canCreatureSpawn
[10:00:33] [Client thread/INFO]: [OptiFine] (Reflector) Method not present: net.minecraft.block.Block.canRenderInLayer
[10:00:33] [Client thread/INFO]: [OptiFine] (Reflector) Method not present: net.minecraft.block.Block.doesSideBlockRendering
[10:00:33] [Client thread/INFO]: [OptiFine] (Reflector) Method not present: net.minecraft.block.Block.getBedDirection
[10:00:33] [Client thread/INFO]: [OptiFine] (Reflector) Method not present: net.minecraft.block.Block.getExtendedState
[10:00:33] [Client thread/INFO]: [OptiFine] (Reflector) Method not present: net.minecraft.block.Block.getLightOpacity
[10:00:33] [Client thread/INFO]: [OptiFine] (Reflector) Method not present: net.minecraft.block.Block.getLightValue
[10:00:33] [Client thread/INFO]: [OptiFine] (Reflector) Method not present: net.minecraft.block.Block.hasTileEntity
[10:00:33] [Client thread/INFO]: [OptiFine] (Reflector) Method not present: net.minecraft.block.Block.isAir
[10:00:33] [Client thread/INFO]: [OptiFine] (Reflector) Method not present: net.minecraft.block.Block.isBed
[10:00:33] [Client thread/INFO]: [OptiFine] (Reflector) Method not present: net.minecraft.block.Block.isBedFoot
[10:00:33] [Client thread/INFO]: [OptiFine] (Reflector) Method not present: net.minecraft.block.Block.isSideSolid
[10:00:33] [Client thread/INFO]: [OptiFine] (Reflector) Method not present: net.minecraft.world.ChunkCache.isSideSolid
[10:00:33] [Client thread/INFO]: [OptiFine] (Reflector) Method not present: net.minecraft.entity.Entity.canRiderInteract
[10:00:33] [Client thread/INFO]: [OptiFine] (Reflector) Field not present: net.minecraft.entity.Entity.captureDrops
[10:00:33] [Client thread/INFO]: [OptiFine] (Reflector) Field not present: net.minecraft.entity.Entity.capturedDrops
[10:00:33] [Client thread/INFO]: [OptiFine] (Reflector) Method not present: net.minecraft.entity.Entity.shouldRenderInPass
[10:00:33] [Client thread/INFO]: [OptiFine] (Reflector) Method not present: net.minecraft.entity.Entity.shouldRiderSit
[10:00:33] [Client thread/INFO]: [OptiFine] (Reflector) Class not present: net.minecraftforge.event.ForgeEventFactory
[10:00:33] [Client thread/INFO]: [OptiFine] (Reflector) Class not present: net.minecraftforge.common.ForgeHooks
[10:00:33] [Client thread/INFO]: [OptiFine] (Reflector) Field not present: net.minecraft.item.Item.delegate
[10:00:33] [Client thread/INFO]: [OptiFine] (Reflector) Method not present: net.minecraft.item.Item.getDurabilityForDisplay
[10:00:33] [Client thread/INFO]: [OptiFine] (Reflector) Method not present: net.minecraft.item.Item.getModel
[10:00:33] [Client thread/INFO]: [OptiFine] (Reflector) Method not present: net.minecraft.item.Item.onEntitySwing
[10:00:33] [Client thread/INFO]: [OptiFine] (Reflector) Method not present: net.minecraft.item.Item.shouldCauseReequipAnimation
[10:00:33] [Client thread/INFO]: [OptiFine] (Reflector) Method not present: net.minecraft.item.Item.showDurabilityBar
[10:00:33] [Client thread/INFO]: [OptiFine] (Reflector) Method not present: net.minecraft.potion.PotionEffect.isCurativeItem
[10:00:33] [Client thread/INFO]: [OptiFine] (Reflector) Method not present: net.minecraft.tileentity.TileEntity.canRenderBreaking
[10:00:33] [Client thread/INFO]: [OptiFine] (Reflector) Method not present: net.minecraft.tileentity.TileEntity.getRenderBoundingBox
[10:00:33] [Client thread/INFO]: [OptiFine] (Reflector) Method not present: net.minecraft.tileentity.TileEntity.hasFastRenderer
[10:00:33] [Client thread/INFO]: [OptiFine] (Reflector) Method not present: net.minecraft.tileentity.TileEntity.shouldRenderInPass
[10:00:33] [Client thread/INFO]: [OptiFine] (Reflector) Method not present: net.minecraft.world.World.countEntities
[10:00:33] [Client thread/INFO]: [OptiFine] (Reflector) Method not present: net.minecraft.world.World.getPerWorldStorage
[10:00:33] [Client thread/INFO]: [OptiFine] (Reflector) Method not present: net.minecraft.world.WorldProvider.getCloudRenderer
[10:00:33] [Client thread/INFO]: [OptiFine] (Reflector) Method not present: net.minecraft.world.WorldProvider.getSkyRenderer
[10:00:33] [Client thread/INFO]: [OptiFine] (Reflector) Method not present: net.minecraft.world.WorldProvider.getWeatherRenderer
[10:00:33] [Client thread/INFO]: [OptiFine] (Reflector) Method not present: net.minecraft.world.WorldProvider.getSaveFolder
[10:00:33] [Client thread/INFO]: [OptiFine] (Reflector) Class not present: net.minecraftforge.client.model.IColoredBakedQuad
[10:00:33] [Client thread/INFO]: [OptiFine] (Reflector) Class not present: net.minecraftforge.common.property.IExtendedBlockState
[10:00:33] [Client thread/INFO]: [OptiFine] (Reflector) Class not present: net.minecraftforge.client.model.IModel
[10:00:33] [Client thread/INFO]: [OptiFine] (Reflector) Class not present: net.minecraftforge.client.IRenderHandler
[10:00:33] [Client thread/INFO]: [OptiFine] (Reflector) Class not present: net.minecraftforge.common.MinecraftForge
[10:00:33] [Client thread/INFO]: [OptiFine] (Reflector) Class not present: net.minecraftforge.client.MinecraftForgeClient
[10:00:33] [Client thread/INFO]: [OptiFine] (Reflector) Class not present: net.minecraftforge.fml.common.ModContainer
[10:00:33] [Client thread/INFO]: [OptiFine] (Reflector) Class not present: net.minecraftforge.client.model.ModelLoader$VanillaLoader
[10:00:33] [Client thread/INFO]: [OptiFine] (Reflector) Class not present: net.minecraftforge.client.event.RenderBlockOverlayEvent$OverlayType
[10:00:33] [Client thread/INFO]: [OptiFine] (Reflector) Class not present: net.minecraftforge.client.event.RenderItemInFrameEvent
[10:00:33] [Client thread/INFO]: [OptiFine] (Reflector) Class not present: net.minecraftforge.client.event.RenderLivingEvent$Pre
[10:00:33] [Client thread/INFO]: [OptiFine] (Reflector) Class not present: net.minecraftforge.client.event.RenderLivingEvent$Post
[10:00:33] [Client thread/INFO]: [OptiFine] (Reflector) Class not present: net.minecraftforge.client.event.RenderLivingEvent$Specials$Pre
[10:00:33] [Client thread/INFO]: [OptiFine] (Reflector) Class not present: net.minecraftforge.client.event.RenderLivingEvent$Specials$Post
[10:00:33] [Client thread/INFO]: [OptiFine] (Reflector) Class not present: net.minecraftforge.event.world.WorldEvent$Load
[10:00:33] [Client thread/INFO]: [OptiFine] *** Reloading custom textures ***
[10:00:33] [Client thread/INFO]: [OptiFine] Enable face culling: acacia_leaves, birch_leaves, dark_oak_leaves, jungle_leaves, oak_leaves, spruce_leaves
[10:00:40] [Client thread/ERROR]: Realms module missing
java.lang.ClassNotFoundException: com.mojang.realmsclient.gui.screens.RealmsNotificationsScreen
	at java.net.URLClassLoader.findClass(URLClassLoader.java:387) ~[?:1.8.0_381]
	at java.lang.ClassLoader.loadClass(ClassLoader.java:418) ~[?:1.8.0_381]
	at sun.misc.Launcher$AppClassLoader.loadClass(Launcher.java:355) ~[?:1.8.0_381]
	at java.lang.ClassLoader.loadClass(ClassLoader.java:351) ~[?:1.8.0_381]
	at java.lang.Class.forName0(Native Method) ~[?:1.8.0_381]
	at java.lang.Class.forName(Class.java:264) ~[?:1.8.0_381]
	at net.minecraft.realms.RealmsBridge.getNotificationScreen(RealmsBridge.java:38) [bin/:?]
	at net.minecraft.client.gui.GuiMainMenu.initGui(GuiMainMenu.java:219) [bin/:?]
	at net.minecraft.client.gui.GuiScreen.setWorldAndResolution(GuiScreen.java:486) [bin/:?]
	at net.minecraft.client.Minecraft.displayGuiScreen(Minecraft.java:920) [bin/:?]
	at net.minecraft.client.gui.GuiSelectWorld.func_146615_e(GuiSelectWorld.java:167) [bin/:?]
	at net.minecraft.client.gui.GuiSelectWorld$List.elementClicked(GuiSelectWorld.java:259) [bin/:?]
	at net.minecraft.client.gui.GuiSlot.handleMouseInput(GuiSlot.java:305) [bin/:?]
	at net.minecraft.client.gui.GuiSelectWorld.handleMouseInput(GuiSelectWorld.java:76) [bin/:?]
	at net.minecraft.client.gui.GuiScreen.handleInput(GuiScreen.java:505) [bin/:?]
	at net.minecraft.client.Minecraft.runTick(Minecraft.java:1656) [bin/:?]
	at net.minecraft.client.Minecraft.runGameLoop(Minecraft.java:1015) [bin/:?]
	at net.minecraft.client.Minecraft.run(Minecraft.java:354) [bin/:?]
	at net.minecraft.client.main.Main.main(Main.java:113) [bin/:?]
	at Start.main(Start.java:11) [bin/:?]
[10:00:40] [Server thread/INFO]: Starting integrated minecraft server version 1.9
[10:00:40] [Server thread/INFO]: Generating keypair
[10:00:41] [Server thread/INFO]: Preparing start region for level 0
[10:00:42] [Server thread/INFO]: Preparing spawn area: 52%
[10:00:42] [Client thread/ERROR]: Realms module missing
java.lang.ClassNotFoundException: com.mojang.realmsclient.gui.screens.RealmsNotificationsScreen
	at java.net.URLClassLoader.findClass(URLClassLoader.java:387) ~[?:1.8.0_381]
	at java.lang.ClassLoader.loadClass(ClassLoader.java:418) ~[?:1.8.0_381]
	at sun.misc.Launcher$AppClassLoader.loadClass(Launcher.java:355) ~[?:1.8.0_381]
	at java.lang.ClassLoader.loadClass(ClassLoader.java:351) ~[?:1.8.0_381]
	at java.lang.Class.forName0(Native Method) ~[?:1.8.0_381]
	at java.lang.Class.forName(Class.java:264) ~[?:1.8.0_381]
	at net.minecraft.realms.RealmsBridge.getNotificationScreen(RealmsBridge.java:38) [bin/:?]
	at net.minecraft.client.gui.GuiMainMenu.initGui(GuiMainMenu.java:219) [bin/:?]
	at net.minecraft.client.gui.GuiScreen.setWorldAndResolution(GuiScreen.java:486) [bin/:?]
	at net.minecraft.client.Minecraft.displayGuiScreen(Minecraft.java:920) [bin/:?]
	at net.minecraft.client.Minecraft.launchIntegratedServer(Minecraft.java:2195) [bin/:?]
	at net.minecraft.client.gui.GuiSelectWorld.func_146615_e(GuiSelectWorld.java:188) [bin/:?]
	at net.minecraft.client.gui.GuiSelectWorld$List.elementClicked(GuiSelectWorld.java:259) [bin/:?]
	at net.minecraft.client.gui.GuiSlot.handleMouseInput(GuiSlot.java:305) [bin/:?]
	at net.minecraft.client.gui.GuiSelectWorld.handleMouseInput(GuiSelectWorld.java:76) [bin/:?]
	at net.minecraft.client.gui.GuiScreen.handleInput(GuiScreen.java:505) [bin/:?]
	at net.minecraft.client.Minecraft.runTick(Minecraft.java:1656) [bin/:?]
	at net.minecraft.client.Minecraft.runGameLoop(Minecraft.java:1015) [bin/:?]
	at net.minecraft.client.Minecraft.run(Minecraft.java:354) [bin/:?]
	at net.minecraft.client.main.Main.main(Main.java:113) [bin/:?]
	at Start.main(Start.java:11) [bin/:?]
[10:00:42] [Server thread/INFO]: Changing view distance to 8, from 10
[10:00:42] [Server thread/INFO]: Player952[local:E:c3b3b2ba] logged in with entity id 246 at (-148.86738720327622, 79.1707870772188, -24.333740693616672)
[10:00:42] [Server thread/INFO]: Player952 joined the game
[10:00:43] [Client thread/INFO]: [Shaders] Info log: gbuffers_hand
WARNING: Could not find vertex shader attribute 'mc_Entity' to match BindAttributeLocation request.
[10:00:43] [Client thread/INFO]: [Shaders] Program loaded: gbuffers_hand
[10:00:43] [Client thread/INFO]: [Shaders] Sun path rotation: -20.0
[10:00:43] [Client thread/INFO]: [Shaders] Program loaded: final
[10:00:43] [Client thread/INFO]: [Shaders] usedColorBuffers: 5
[10:00:43] [Client thread/INFO]: [Shaders] usedDepthBuffers: 1
[10:00:43] [Client thread/INFO]: [Shaders] usedShadowColorBuffers: 0
[10:00:43] [Client thread/INFO]: [Shaders] usedShadowDepthBuffers: 0
[10:00:43] [Client thread/INFO]: [Shaders] usedColorAttachs: 5
[10:00:43] [Client thread/INFO]: [Shaders] usedDrawBuffers: 3
[10:00:43] [Client thread/INFO]: [Shaders] Framebuffer created.
[10:00:43] [Client thread/INFO]: [Shaders] Reset model renderers
[10:00:43] [Client thread/INFO]: [Shaders] Reset world renderers
[10:00:56] [Server thread/INFO]: Saving and pausing game...
[10:00:56] [Server thread/INFO]: Saving chunks for level 'New World'/Overworld
[10:00:57] [Server thread/INFO]: Saving chunks for level 'New World'/Nether
[10:00:57] [Server thread/INFO]: Saving chunks for level 'New World'/The End
[10:01:02] [Client thread/INFO]: [Shaders] Uninit
[10:01:02] [Client thread/INFO]: [Shaders] Info log: gbuffers_hand
WARNING: Could not find vertex shader attribute 'mc_Entity' to match BindAttributeLocation request.
[10:01:02] [Client thread/INFO]: [Shaders] Program loaded: gbuffers_hand
[10:01:02] [Client thread/INFO]: [Shaders] Sun path rotation: -20.0
[10:01:02] [Client thread/INFO]: [Shaders] Program loaded: final
[10:01:02] [Client thread/INFO]: [Shaders] usedColorBuffers: 5
[10:01:02] [Client thread/INFO]: [Shaders] usedDepthBuffers: 1
[10:01:02] [Client thread/INFO]: [Shaders] usedShadowColorBuffers: 0
[10:01:02] [Client thread/INFO]: [Shaders] usedShadowDepthBuffers: 0
[10:01:02] [Client thread/INFO]: [Shaders] usedColorAttachs: 5
[10:01:02] [Client thread/INFO]: [Shaders] usedDrawBuffers: 3
[10:01:02] [Client thread/INFO]: [Shaders] Framebuffer created.
[10:01:02] [Client thread/INFO]: [Shaders] Reset model renderers
[10:01:02] [Client thread/INFO]: [Shaders] Reset world renderers
[10:01:03] [Client thread/INFO]: [Shaders] Uninit
[10:01:03] [Client thread/INFO]: Reloading ResourceManager: Default, !§3ハク§6pack §f[16x].zip
[10:01:03] [Client thread/INFO]: [OptiFine] *** Reloading textures ***
[10:01:03] [Client thread/INFO]: [OptiFine] Resource packs: !§3ハク§6pack §f[16x].zip
[10:01:06] [Client thread/INFO]: SoundSystem shutting down...
[10:01:06] [Client thread/WARN]: Author: Paul Lamb, www.paulscode.com
[10:01:06] [Sound Library Loader/INFO]: Starting up SoundSystem...
[10:01:06] [Thread-10/INFO]: Initializing LWJGL OpenAL
[10:01:06] [Thread-10/INFO]: (The LWJGL binding of OpenAL.  For more information, see http://www.lwjgl.org)
[10:01:06] [Thread-10/INFO]: OpenAL initialized.
[10:01:07] [Sound Library Loader/INFO]: Sound engine started
[10:01:07] [Client thread/INFO]: [OptiFine] Multitexture: false
[10:01:07] [Client thread/INFO]: [OptiFine] ConnectedTextures: mcpatcher/ctm/glass black/glass_black.properties
[10:01:07] [Client thread/INFO]: [OptiFine] ConnectedTextures: mcpatcher/ctm/glass blue/glass_blue.properties
[10:01:07] [Client thread/INFO]: [OptiFine] ConnectedTextures: mcpatcher/ctm/glass brown/glass_brown.properties
[10:01:07] [Client thread/INFO]: [OptiFine] ConnectedTextures: mcpatcher/ctm/glass cyan/glass_cyan.properties
[10:01:07] [Client thread/INFO]: [OptiFine] ConnectedTextures: mcpatcher/ctm/glass gray/glass_gray.properties
[10:01:07] [Client thread/INFO]: [OptiFine] ConnectedTextures: mcpatcher/ctm/glass green/glass_green.properties
[10:01:07] [Client thread/INFO]: [OptiFine] ConnectedTextures: mcpatcher/ctm/glass light blue/glass_light_blue.properties
[10:01:07] [Client thread/INFO]: [OptiFine] ConnectedTextures: mcpatcher/ctm/glass light gray/glass_silver.properties
[10:01:07] [Client thread/INFO]: [OptiFine] ConnectedTextures: mcpatcher/ctm/glass lime/glass_lime.properties
[10:01:07] [Client thread/INFO]: [OptiFine] ConnectedTextures: mcpatcher/ctm/glass magenta/glass_magenta.properties
[10:01:07] [Client thread/INFO]: [OptiFine] ConnectedTextures: mcpatcher/ctm/glass orange/glass_orange.properties
[10:01:07] [Client thread/INFO]: [OptiFine] ConnectedTextures: mcpatcher/ctm/glass pink/glass_pink.properties
[10:01:07] [Client thread/INFO]: [OptiFine] ConnectedTextures: mcpatcher/ctm/glass purple/glass_purple.properties
[10:01:07] [Client thread/INFO]: [OptiFine] ConnectedTextures: mcpatcher/ctm/glass red/glass_red.properties
[10:01:07] [Client thread/INFO]: [OptiFine] ConnectedTextures: mcpatcher/ctm/glass white/glass_white.properties
[10:01:07] [Client thread/INFO]: [OptiFine] ConnectedTextures: mcpatcher/ctm/glass yellow/glass_yellow.properties
[10:01:07] [Client thread/INFO]: [OptiFine] ConnectedTextures: mcpatcher/ctm/glass/Black Glass/glass_black.properties
[10:01:07] [Client thread/INFO]: [OptiFine] ConnectedTextures: mcpatcher/ctm/glass/Blue Glass/glass_blue.properties
[10:01:07] [Client thread/INFO]: [OptiFine] ConnectedTextures: mcpatcher/ctm/glass/Brown Glass/glass_brown.properties
[10:01:07] [Client thread/INFO]: [OptiFine] ConnectedTextures: mcpatcher/ctm/glass/Cyan Glass/glass_cyan.properties
[10:01:07] [Client thread/INFO]: [OptiFine] ConnectedTextures: mcpatcher/ctm/glass/Green Glass/glass_green.properties
[10:01:07] [Client thread/INFO]: [OptiFine] ConnectedTextures: mcpatcher/ctm/glass/Grey Glass/glass_gray.properties
[10:01:07] [Client thread/INFO]: [OptiFine] ConnectedTextures: mcpatcher/ctm/glass/Light Blue Glass/glass_light_blue.properties
[10:01:07] [Client thread/INFO]: [OptiFine] ConnectedTextures: mcpatcher/ctm/glass/Light Grey Glass/glass_silver.properties
[10:01:07] [Client thread/INFO]: [OptiFine] ConnectedTextures: mcpatcher/ctm/glass/Lime Glass/glass_lime.properties
[10:01:07] [Client thread/INFO]: [OptiFine] ConnectedTextures: mcpatcher/ctm/glass/Magenta Glass/glass_magenta.properties
[10:01:07] [Client thread/INFO]: [OptiFine] ConnectedTextures: mcpatcher/ctm/glass/Normal/glass.properties
[10:01:08] [Client thread/INFO]: [OptiFine] ConnectedTextures: mcpatcher/ctm/glass/Orange Glass/glass_orange.properties
[10:01:08] [Client thread/INFO]: [OptiFine] ConnectedTextures: mcpatcher/ctm/glass/Pink Glass/glass_pink.properties
[10:01:08] [Client thread/INFO]: [OptiFine] ConnectedTextures: mcpatcher/ctm/glass/Purple Glass/glass_purple.properties
[10:01:08] [Client thread/INFO]: [OptiFine] ConnectedTextures: mcpatcher/ctm/glass/Red Glass/glass_red.properties
[10:01:08] [Client thread/INFO]: [OptiFine] ConnectedTextures: mcpatcher/ctm/glass/White Glass/glass_white.properties
[10:01:08] [Client thread/INFO]: [OptiFine] ConnectedTextures: mcpatcher/ctm/glass/Yellow Glass/glass_yellow.properties
[10:01:08] [Client thread/INFO]: [OptiFine] ConnectedTextures: mcpatcher/ctm/glass/glass.properties
[10:01:08] [Client thread/INFO]: [OptiFine] ConnectedTextures: mcpatcher/ctm/glass_clear/glass.properties
[10:01:08] [Client thread/INFO]: [OptiFine] Multipass connected textures: false
[10:01:08] [Client thread/INFO]: [OptiFine] Multipass connected textures: false
[10:01:08] [Client thread/INFO]: [OptiFine] BetterGrass: Parsing default configuration optifine/bettergrass.properties
[10:01:10] [Client thread/INFO]: Created: 4096x2048 textures-atlas
[10:01:10] [Client thread/INFO]: [Shaders] allocateTextureMap 2 4096 2048 
[10:01:10] [Client thread/INFO]: [OptiFine] Animated sprites: 11
[10:01:10] [Client thread/INFO]: [OptiFine] *** Reloading custom textures ***
[10:01:10] [Client thread/INFO]: [OptiFine] Enable face culling: acacia_leaves, birch_leaves, dark_oak_leaves, jungle_leaves, oak_leaves, spruce_leaves
[10:01:11] [Client thread/INFO]: [Shaders] Info log: gbuffers_hand
WARNING: Could not find vertex shader attribute 'mc_Entity' to match BindAttributeLocation request.
[10:01:11] [Client thread/INFO]: [Shaders] Program loaded: gbuffers_hand
[10:01:11] [Client thread/INFO]: [Shaders] Sun path rotation: -20.0
[10:01:11] [Client thread/INFO]: [Shaders] Program loaded: final
[10:01:11] [Client thread/INFO]: [Shaders] usedColorBuffers: 5
[10:01:11] [Client thread/INFO]: [Shaders] usedDepthBuffers: 1
[10:01:11] [Client thread/INFO]: [Shaders] usedShadowColorBuffers: 0
[10:01:11] [Client thread/INFO]: [Shaders] usedShadowDepthBuffers: 0
[10:01:11] [Client thread/INFO]: [Shaders] usedColorAttachs: 5
[10:01:11] [Client thread/INFO]: [Shaders] usedDrawBuffers: 3
[10:01:11] [Client thread/INFO]: [Shaders] Framebuffer created.
[10:01:11] [Client thread/INFO]: [Shaders] Reset model renderers
[10:01:11] [Client thread/INFO]: [Shaders] Reset world renderers
[10:01:11] [Client thread/INFO]: [Shaders] Framebuffer created.
[10:01:11] [Client thread/INFO]: [Shaders] Framebuffer created.
[10:01:11] [Client thread/INFO]: [Shaders] Framebuffer created.
[10:01:11] [Client thread/INFO]: [Shaders] Framebuffer created.
[10:01:11] [Client thread/INFO]: [Shaders] Framebuffer created.
[10:01:11] [Client thread/INFO]: [Shaders] Framebuffer created.
[10:01:11] [Client thread/INFO]: [Shaders] Framebuffer created.
[10:01:12] [Client thread/INFO]: [Shaders] Save shaders configuration.
[10:01:25] [Server thread/INFO]: Saving and pausing game...
[10:01:25] [Server thread/INFO]: Saving chunks for level 'New World'/Overworld
[10:01:26] [Server thread/INFO]: Saving chunks for level 'New World'/Nether
[10:01:26] [Server thread/INFO]: Saving chunks for level 'New World'/The End
[10:02:44] [Server thread/INFO]: Saving and pausing game...
[10:02:44] [Server thread/INFO]: Saving chunks for level 'New World'/Overworld
[10:02:44] [Server thread/INFO]: Saving chunks for level 'New World'/Nether
[10:02:44] [Server thread/INFO]: Saving chunks for level 'New World'/The End
