#
# A fatal error has been detected by the Java Runtime Environment:
#
#  SIGILL (0x4) at pc=0x00007ff806204e5a, pid=95452, tid=0x0000000000000103
#
# JRE version: Java(TM) SE Runtime Environment (8.0_371) (build 1.8.0_371-b11)
# Java VM: Java HotSpot(TM) 64-Bit Server VM (25.371-b11 mixed mode bsd-amd64 compressed oops)
# Problematic frame:
# C  [AppKit+0x3bbe5a]  -[NSApplication _crashOnException:]+0x139
#
# Failed to write core dump. Core dumps have been disabled. To enable core dumping, try "ulimit -c unlimited" before starting Java again
#
# If you would like to submit a bug report, please visit:
#   http://bugreport.java.com/bugreport/crash.jsp
# The crash happened outside the Java Virtual Machine in native code.
# See problematic frame for where to report the bug.
#

---------------  T H R E A D  ---------------

Current thread (0x00007f9eb44e9800):  JavaThread "AppKit Thread" daemon [_thread_in_native, id=259, stack(0x00007ff7b4cae000,0x00007ff7b54ae000)]

siginfo: si_signo: 4 (SIGILL), si_code: 1 (ILL_ILLOPC), si_addr: 0x00007ff806204e5a

Registers:
RAX=0x00007f9eae589200, RBX=0x00007ff80321c400, RCX=0xd86234e926f500bf, RDX=0x0000000000000e01
RSP=0x00007ff7b54a9040, RBP=0x00007ff7b54a9070, RSI=0x0000000000000f19, RDI=0x00007ff7b54a8be0
R8 =0x0000000000000119, R9 =0x00007ff7b54a8620, R10=0x0000000000000119, R11=0x00007f9eae58a119
R12=0x00007f9eab80d068, R13=0x0000600001938780, R14=0x00006000026b8c60, R15=0x00007ff81d7a31fe
RIP=0x00007ff806204e5a, EFLAGS=0x0000000000010206, ERR=0x0000000000000000
  TRAPNO=0x0000000000000006

Top of Stack: (sp=0x00007ff7b54a9040)
0x00007ff7b54a9040:   026b884008420102 3ff0000000006000
0x00007ff7b54a9050:   3ec12d09609f4557 00007f9eab734c50
0x00007ff7b54a9060:   0000600003d9d280 0000600001938780
0x00007ff7b54a9070:   00007ff7b54a91b0 00007ff805ff440d
0x00007ff7b54a9080:   0000600000331118 000060000297e3e0
0x00007ff7b54a9090:   00007ff80321c400 0000600000331110
0x00007ff7b54a90a0:   00007ff7b54a9100 00007ff805ea2247
0x00007ff7b54a90b0:   000060000297e3c0 000060000297e3e0
0x00007ff7b54a90c0:   00007ff7b54a9100 00007ff805ea20d8
0x00007ff7b54a90d0:   d86234e926f500bf 0000600000331110
0x00007ff7b54a90e0:   0000600000331110 000060000269cf90
0x00007ff7b54a90f0:   00000000000000c8 000060000297e3c0
0x00007ff7b54a9100:   00007ff7b54a9210 00007ff805ea077e
0x00007ff7b54a9110:   00007f9eab80d068 0000000000000000
0x00007ff7b54a9120:   00007ff7b54a9180 00007ff8033f2542
0x00007ff7b54a9130:   0000000000000103 0000000000000000
0x00007ff7b54a9140:   000060000143c000 0000000000000000
0x00007ff7b54a9150:   0000000000000103 0000000000000000
0x00007ff7b54a9160:   000060000143c000 0000000000000000
0x00007ff7b54a9170:   00007f9eb1895a00 0000000000000000
0x00007ff7b54a9180:   d86234e926f500bf 00006000026b8ed0
0x00007ff7b54a9190:   00007f9eab80d068 0000600001938780
0x00007ff7b54a91a0:   0000000000000002 0000600001938780
0x00007ff7b54a91b0:   00007ff7b54a91e0 00007ff80673bf5c
0x00007ff7b54a91c0:   00006000026b8ed0 00007ff80344fa10
0x00007ff7b54a91d0:   0000000000000002 0000000000000000
0x00007ff7b54a91e0:   00007ff7b54a91f0 00007ff80344f550
0x00007ff7b54a91f0:   00007ff7b54a92c0 00007ff80344f3e2
0x00007ff7b54a9200:   0000600001938780 00007ff803384f70
0x00007ff7b54a9210:   00007ff8033d4407 0000000000000028
0x00007ff7b54a9220:   00007ff844944d38 00007ff80344f275
0x00007ff7b54a9230:   00007ff84609dc40 0000000500002d8a 

Instructions: (pc=0x00007ff806204e5a)
0x00007ff806204e3a:   48 89 c7 ff 15 25 0d 08 3d 48 8b 35 56 3e 9b 3e
0x00007ff806204e4a:   48 89 c7 ff 15 15 0d 08 3d 48 89 05 ae 37 a1 3e
0x00007ff806204e5a:   0f 0b 48 8d 3d 25 bd 72 3e 48 8d 35 0e 16 0a 3d
0x00007ff806204e6a:   e8 15 00 7d 00 e9 cb fe ff ff 48 8d 3d 0d bd 72 

Register to memory mapping:

RAX=0x00007f9eae589200 is an unknown value
RBX=0x00007ff80321c400: objc_msgSend+0 in /usr/lib/libobjc.A.dylib at 0x00007ff803216000
RCX=0xd86234e926f500bf is an unknown value
RDX=0x0000000000000e01 is an unknown value
RSP=0x00007ff7b54a9040 is pointing into the stack for thread: 0x00007f9eb44e9800
RBP=0x00007ff7b54a9070 is pointing into the stack for thread: 0x00007f9eb44e9800
RSI=0x0000000000000f19 is an unknown value
RDI=0x00007ff7b54a8be0 is pointing into the stack for thread: 0x00007f9eb44e9800
R8 =0x0000000000000119 is an unknown value
R9 =0x00007ff7b54a8620 is pointing into the stack for thread: 0x00007f9eb44e9800
R10=0x0000000000000119 is an unknown value
R11=0x00007f9eae58a119 is an unknown value
R12=0x00007f9eab80d068 is an unknown value
R13=0x0000600001938780 is an unknown value
R14=0x00006000026b8c60 is an unknown value
R15=0x00007ff81d7a31fe is an unknown value


Stack: [0x00007ff7b4cae000,0x00007ff7b54ae000],  sp=0x00007ff7b54a9040,  free space=8172k
Native frames: (J=compiled Java code, j=interpreted, Vv=VM code, C=native code)
C  [AppKit+0x3bbe5a]  -[NSApplication _crashOnException:]+0x139
C  [AppKit+0x1ab40d]  __62+[CATransaction(NSCATransaction) NS_setFlushesWithDisplayLink]_block_invoke+0x359
C  [AppKit+0x8f2f5c]  ___NSRunLoopObserverCreateWithHandler_block_invoke+0x29
C  [CoreFoundation+0x7f550]  __CFRUNLOOP_IS_CALLING_OUT_TO_AN_OBSERVER_CALLBACK_FUNCTION__+0x17
C  [CoreFoundation+0x7f3e2]  __CFRunLoopDoObservers+0x21f
C  [CoreFoundation+0x7e874]  __CFRunLoopRun+0x348
C  [CoreFoundation+0x7de6c]  CFRunLoopRunSpecific+0x232
C  [HIToolbox+0x2e5e6]  RunCurrentEventLoopInMode+0x124
C  [HIToolbox+0x2e34a]  ReceiveNextEventCommon+0x252
C  [HIToolbox+0x2e0e5]  _BlockUntilNextEventMatchingListInModeWithFilter+0x46
C  [AppKit+0x3efad]  _DPSNextEvent+0x39f
C  [AppKit+0x3d66a]  -[NSApplication(NSEvent) _nextEventMatchingEventMask:untilDate:inMode:dequeue:]+0x572
C  [libosxapp.dylib+0x273a]  -[NSApplicationAWT nextEventMatchingMask:untilDate:inMode:dequeue:]+0x79
C  [AppKit+0x2fd19]  -[NSApplication run]+0x24a
C  [libosxapp.dylib+0x257f]  +[NSApplicationAWT runAWTLoopWithApp:]+0xdb
C  [libawt_lwawt.dylib+0x65adc]  +[AWTStarter starter:headless:]+0x1bc
C  [libosxapp.dylib+0x401c]  +[ThreadUtilities invokeBlockCopy:]+0xf
C  [Foundation+0x814f7]  __NSThreadPerformPerform+0xb3
C  [CoreFoundation+0x801ab]  __CFRUNLOOP_IS_CALLING_OUT_TO_A_SOURCE0_PERFORM_FUNCTION__+0x11
C  [CoreFoundation+0x80113]  __CFRunLoopDoSource0+0xb4
C  [CoreFoundation+0x7fe8d]  __CFRunLoopDoSources0+0xf2
C  [CoreFoundation+0x7e8a8]  __CFRunLoopRun+0x37c
C  [CoreFoundation+0x7de6c]  CFRunLoopRunSpecific+0x232
C  [java+0x58c2]  CreateExecutionEnvironment+0x36b
C  [java+0x1eb6]  JLI_Launch+0x756
C  [java+0x81ee]  main+0x44
C  0x000000011498d52e
C  0x0000000000000000


---------------  P R O C E S S  ---------------

Java Threads: ( => current thread )
  0x00007f9eb40c0800 JavaThread "AWT-Shutdown" [_thread_blocked, id=52227, stack(0x0000700011189000,0x0000700011289000)]
  0x00007f9eb0a3b800 JavaThread "Timer hack thread" daemon [_thread_blocked, id=28935, stack(0x0000700010c71000,0x0000700010d71000)]
  0x00007f9eb1d51800 JavaThread "Snooper Timer" daemon [_thread_blocked, id=81167, stack(0x000070001128c000,0x000070001138c000)]
  0x00007f9eb4bfd800 JavaThread "Snooper Timer" daemon [_thread_blocked, id=80643, stack(0x0000700011086000,0x0000700011186000)]
=>0x00007f9eb44e9800 JavaThread "AppKit Thread" daemon [_thread_in_native, id=259, stack(0x00007ff7b4cae000,0x00007ff7b54ae000)]
  0x00007f9eb1009000 JavaThread "Service Thread" daemon [_thread_blocked, id=21763, stack(0x0000700010a6b000,0x0000700010b6b000)]
  0x00007f9eb1008800 JavaThread "C1 CompilerThread3" daemon [_thread_blocked, id=16643, stack(0x0000700010968000,0x0000700010a68000)]
  0x00007f9eac865000 JavaThread "C2 CompilerThread2" daemon [_thread_blocked, id=17155, stack(0x0000700010865000,0x0000700010965000)]
  0x00007f9eab8eb800 JavaThread "C2 CompilerThread1" daemon [_thread_blocked, id=15875, stack(0x0000700010762000,0x0000700010862000)]
  0x00007f9eac864000 JavaThread "C2 CompilerThread0" daemon [_thread_blocked, id=15363, stack(0x000070001065f000,0x000070001075f000)]
  0x00007f9ead809800 JavaThread "JDWP Command Reader" daemon [_thread_in_native, id=15107, stack(0x000070001055c000,0x000070001065c000)]
  0x00007f9eab80e800 JavaThread "JDWP Event Helper Thread" daemon [_thread_blocked, id=14595, stack(0x0000700010459000,0x0000700010559000)]
  0x00007f9eac847800 JavaThread "JDWP Transport Listener: dt_socket" daemon [_thread_blocked, id=17927, stack(0x0000700010356000,0x0000700010456000)]
  0x00007f9eae01a000 JavaThread "Signal Dispatcher" daemon [_thread_blocked, id=14083, stack(0x0000700010253000,0x0000700010353000)]
  0x00007f9ead012800 JavaThread "Finalizer" daemon [_thread_blocked, id=19459, stack(0x000070001004a000,0x000070001014a000)]
  0x00007f9ead00b800 JavaThread "Reference Handler" daemon [_thread_blocked, id=12291, stack(0x000070000ff47000,0x0000700010047000)]
  0x00007f9ead00e800 JavaThread "Client thread" [_thread_in_vm, id=3331, stack(0x000070000f529000,0x000070000f629000)]

Other Threads:
  0x00007f9eae017000 VMThread [stack: 0x000070000fe44000,0x000070000ff44000] [id=11779]
  0x00007f9eac857800 WatcherThread [stack: 0x0000700010b6e000,0x0000700010c6e000] [id=43267]

VM state:not at safepoint (normal execution)

VM Mutex/Monitor currently owned by a thread: None

heap address: 0x0000000780000000, size: 1024 MB, Compressed Oops mode: Zero based, Oop shift amount: 3
Narrow klass base: 0x0000000000000000, Narrow klass shift: 3
Compressed class space size: 1073741824 Address: 0x00000007c0000000

Heap:
 PSYoungGen      total 305664K, used 211818K [0x00000007aab00000, 0x00000007c0000000, 0x00000007c0000000)
  eden space 262144K, 71% used [0x00000007aab00000,0x00000007b62e70e8,0x00000007bab00000)
  from space 43520K, 54% used [0x00000007bd580000,0x00000007bec73888,0x00000007c0000000)
  to   space 43520K, 0% used [0x00000007bab00000,0x00000007bab00000,0x00000007bd580000)
 ParOldGen       total 699392K, used 9041K [0x0000000780000000, 0x00000007aab00000, 0x00000007aab00000)
  object space 699392K, 1% used [0x0000000780000000,0x00000007808d47f0,0x00000007aab00000)
 Metaspace       used 30348K, capacity 30563K, committed 30720K, reserved 1075200K
  class space    used 3960K, capacity 4033K, committed 4096K, reserved 1048576K

Card table byte_map: [0x000000010b0a8000,0x000000010b2a9000] byte_map_base: 0x00000001074a8000

Marking Bits: (ParMarkBitMap*) 0x000000010c08a3f8
 Begin Bits: [0x000000010c771000, 0x000000010d771000)
 End Bits:   [0x000000010d771000, 0x000000010e771000)

Polling page: 0x000000010ab8b000

CodeCache: size=245760Kb used=9686Kb max_used=9814Kb free=236073Kb
 bounds [0x0000000114a40000, 0x00000001153e0000, 0x0000000123a40000]
 total_blobs=2826 nmethods=2357 adapters=390
 compilation: enabled

Compilation events (10 events):
Event: 7.350 Thread 0x00007f9eb1008800 2453       3       java.lang.reflect.Modifier::isFinal (13 bytes)
Event: 7.351 Thread 0x00007f9eb1008800 nmethod 2453 0x0000000114d5ee10 code [0x0000000114d5ef80, 0x0000000114d5f110]
Event: 7.351 Thread 0x00007f9eb1008800 2454       3       sun.reflect.ReflectionFactory::checkInitted (19 bytes)
Event: 7.351 Thread 0x00007f9eb1008800 nmethod 2454 0x0000000114d71c10 code [0x0000000114d71da0, 0x0000000114d72048]
Event: 7.352 Thread 0x00007f9eb1008800 2456       3       java.lang.reflect.Field::setFieldAccessor (34 bytes)
Event: 7.352 Thread 0x00007f9eb1008800 nmethod 2456 0x0000000114d6ff50 code [0x0000000114d700e0, 0x0000000114d704a8]
Event: 7.352 Thread 0x00007f9eb1008800 2455       1       java.lang.reflect.Field::getDeclaringClass (5 bytes)
Event: 7.352 Thread 0x00007f9eb1008800 nmethod 2455 0x0000000114d4ea90 code [0x0000000114d4ebe0, 0x0000000114d4ecf0]
Event: 7.353 Thread 0x00007f9eb1008800 2457       3       java.lang.Class::searchMethods (90 bytes)
Event: 7.353 Thread 0x00007f9eb1008800 nmethod 2457 0x0000000114da3c10 code [0x0000000114da3e60, 0x0000000114da4e18]

GC Heap History (6 events):
Event: 2.688 GC heap before
{Heap before GC invocations=1 (full 0):
 PSYoungGen      total 305664K, used 194702K [0x00000007aab00000, 0x00000007c0000000, 0x00000007c0000000)
  eden space 262144K, 74% used [0x00000007aab00000,0x00000007b6923950,0x00000007bab00000)
  from space 43520K, 0% used [0x00000007bd580000,0x00000007bd580000,0x00000007c0000000)
  to   space 43520K, 0% used [0x00000007bab00000,0x00000007bab00000,0x00000007bd580000)
 ParOldGen       total 699392K, used 0K [0x0000000780000000, 0x00000007aab00000, 0x00000007aab00000)
  object space 699392K, 0% used [0x0000000780000000,0x0000000780000000,0x00000007aab00000)
 Metaspace       used 21120K, capacity 21188K, committed 21248K, reserved 1067008K
  class space    used 2739K, capacity 2772K, committed 2816K, reserved 1048576K
Event: 2.702 GC heap after
Heap after GC invocations=1 (full 0):
 PSYoungGen      total 305664K, used 9239K [0x00000007aab00000, 0x00000007c0000000, 0x00000007c0000000)
  eden space 262144K, 0% used [0x00000007aab00000,0x00000007aab00000,0x00000007bab00000)
  from space 43520K, 21% used [0x00000007bab00000,0x00000007bb405ce0,0x00000007bd580000)
  to   space 43520K, 0% used [0x00000007bd580000,0x00000007bd580000,0x00000007c0000000)
 ParOldGen       total 699392K, used 80K [0x0000000780000000, 0x00000007aab00000, 0x00000007aab00000)
  object space 699392K, 0% used [0x0000000780000000,0x0000000780014010,0x00000007aab00000)
 Metaspace       used 21120K, capacity 21188K, committed 21248K, reserved 1067008K
  class space    used 2739K, capacity 2772K, committed 2816K, reserved 1048576K
}
Event: 2.702 GC heap before
{Heap before GC invocations=2 (full 1):
 PSYoungGen      total 305664K, used 9239K [0x00000007aab00000, 0x00000007c0000000, 0x00000007c0000000)
  eden space 262144K, 0% used [0x00000007aab00000,0x00000007aab00000,0x00000007bab00000)
  from space 43520K, 21% used [0x00000007bab00000,0x00000007bb405ce0,0x00000007bd580000)
  to   space 43520K, 0% used [0x00000007bd580000,0x00000007bd580000,0x00000007c0000000)
 ParOldGen       total 699392K, used 80K [0x0000000780000000, 0x00000007aab00000, 0x00000007aab00000)
  object space 699392K, 0% used [0x0000000780000000,0x0000000780014010,0x00000007aab00000)
 Metaspace       used 21120K, capacity 21188K, committed 21248K, reserved 1067008K
  class space    used 2739K, capacity 2772K, committed 2816K, reserved 1048576K
Event: 2.740 GC heap after
Heap after GC invocations=2 (full 1):
 PSYoungGen      total 305664K, used 0K [0x00000007aab00000, 0x00000007c0000000, 0x00000007c0000000)
  eden space 262144K, 0% used [0x00000007aab00000,0x00000007aab00000,0x00000007bab00000)
  from space 43520K, 0% used [0x00000007bab00000,0x00000007bab00000,0x00000007bd580000)
  to   space 43520K, 0% used [0x00000007bd580000,0x00000007bd580000,0x00000007c0000000)
 ParOldGen       total 699392K, used 9033K [0x0000000780000000, 0x00000007aab00000, 0x00000007aab00000)
  object space 699392K, 1% used [0x0000000780000000,0x00000007808d27f0,0x00000007aab00000)
 Metaspace       used 21120K, capacity 21188K, committed 21248K, reserved 1067008K
  class space    used 2739K, capacity 2772K, committed 2816K, reserved 1048576K
}
Event: 6.215 GC heap before
{Heap before GC invocations=3 (full 1):
 PSYoungGen      total 305664K, used 262144K [0x00000007aab00000, 0x00000007c0000000, 0x00000007c0000000)
  eden space 262144K, 100% used [0x00000007aab00000,0x00000007bab00000,0x00000007bab00000)
  from space 43520K, 0% used [0x00000007bab00000,0x00000007bab00000,0x00000007bd580000)
  to   space 43520K, 0% used [0x00000007bd580000,0x00000007bd580000,0x00000007c0000000)
 ParOldGen       total 699392K, used 9033K [0x0000000780000000, 0x00000007aab00000, 0x00000007aab00000)
  object space 699392K, 1% used [0x0000000780000000,0x00000007808d27f0,0x00000007aab00000)
 Metaspace       used 28545K, capacity 28716K, committed 29056K, reserved 1075200K
  class space    used 3824K, capacity 3872K, committed 3968K, reserved 1048576K
Event: 6.251 GC heap after
Heap after GC invocations=3 (full 1):
 PSYoungGen      total 305664K, used 23502K [0x00000007aab00000, 0x00000007c0000000, 0x00000007c0000000)
  eden space 262144K, 0% used [0x00000007aab00000,0x00000007aab00000,0x00000007bab00000)
  from space 43520K, 54% used [0x00000007bd580000,0x00000007bec73888,0x00000007c0000000)
  to   space 43520K, 0% used [0x00000007bab00000,0x00000007bab00000,0x00000007bd580000)
 ParOldGen       total 699392K, used 9041K [0x0000000780000000, 0x00000007aab00000, 0x00000007aab00000)
  object space 699392K, 1% used [0x0000000780000000,0x00000007808d47f0,0x00000007aab00000)
 Metaspace       used 28545K, capacity 28716K, committed 29056K, reserved 1075200K
  class space    used 3824K, capacity 3872K, committed 3968K, reserved 1048576K
}

Deoptimization events (10 events):
Event: 7.342 Thread 0x00007f9ead00e800 Uncommon trap: reason=unhandled action=none pc=0x0000000114efabfc method=java.net.URLClassLoader.findClass(Ljava/lang/String;)Ljava/lang/Class; @ 44
Event: 7.345 Thread 0x00007f9ead00e800 Uncommon trap: reason=unhandled action=none pc=0x0000000114efabfc method=java.net.URLClassLoader.findClass(Ljava/lang/String;)Ljava/lang/Class; @ 44
Event: 7.352 Thread 0x00007f9ead00e800 Uncommon trap: reason=unhandled action=none pc=0x0000000114efabfc method=java.net.URLClassLoader.findClass(Ljava/lang/String;)Ljava/lang/Class; @ 44
Event: 7.353 Thread 0x00007f9ead00e800 Uncommon trap: reason=unhandled action=none pc=0x0000000114efabfc method=java.net.URLClassLoader.findClass(Ljava/lang/String;)Ljava/lang/Class; @ 44
Event: 7.355 Thread 0x00007f9ead00e800 Uncommon trap: reason=unhandled action=none pc=0x0000000114efabfc method=java.net.URLClassLoader.findClass(Ljava/lang/String;)Ljava/lang/Class; @ 44
Event: 7.356 Thread 0x00007f9ead00e800 Uncommon trap: reason=unhandled action=none pc=0x0000000114efabfc method=java.net.URLClassLoader.findClass(Ljava/lang/String;)Ljava/lang/Class; @ 44
Event: 7.357 Thread 0x00007f9ead00e800 Uncommon trap: reason=unhandled action=none pc=0x0000000114efabfc method=java.net.URLClassLoader.findClass(Ljava/lang/String;)Ljava/lang/Class; @ 44
Event: 7.358 Thread 0x00007f9ead00e800 Uncommon trap: reason=unhandled action=none pc=0x0000000114efabfc method=java.net.URLClassLoader.findClass(Ljava/lang/String;)Ljava/lang/Class; @ 44
Event: 7.359 Thread 0x00007f9ead00e800 Uncommon trap: reason=unhandled action=none pc=0x0000000114efabfc method=java.net.URLClassLoader.findClass(Ljava/lang/String;)Ljava/lang/Class; @ 44
Event: 7.365 Thread 0x00007f9ead00e800 Uncommon trap: reason=unhandled action=none pc=0x0000000114efabfc method=java.net.URLClassLoader.findClass(Ljava/lang/String;)Ljava/lang/Class; @ 44

Classes redefined (0 events):
No events

Internal exceptions (10 events):
Event: 0.617 Thread 0x00007f9ead00e800 Exception <a 'java/lang/ClassNotFoundException': jdk/internal/platform/CgroupMetrics> (0x00000007ac9399f8) thrown at [/System/Volumes/Data/jenkins/workspace/8-2-build-macosx-x64/jdk8u371/3355/hotspot/src/share/vm/classfile/systemDictionary.cpp, line 212]
Event: 3.151 Thread 0x00007f9ead00e800 Implicit null exception at 0x0000000114c3e9f6 to 0x0000000114c3ef09
Event: 3.151 Thread 0x00007f9ead00e800 Implicit null exception at 0x0000000114c0ec34 to 0x0000000114c0f15d
Event: 3.406 Thread 0x00007f9ead00e800 Exception <a 'java/io/FileNotFoundException'> (0x00000007ae739010) thrown at [/System/Volumes/Data/jenkins/workspace/8-2-build-macosx-x64/jdk8u371/3355/hotspot/src/share/vm/prims/jni.cpp, line 710]
Event: 3.406 Thread 0x00007f9ead00e800 Exception <a 'java/io/FileNotFoundException'> (0x00000007ae739b40) thrown at [/System/Volumes/Data/jenkins/workspace/8-2-build-macosx-x64/jdk8u371/3355/hotspot/src/share/vm/prims/jni.cpp, line 710]
Event: 3.446 Thread 0x00007f9ead00e800 Exception <a 'java/lang/NoSuchFieldError': method resolution failed> (0x00000007af260e80) thrown at [/System/Volumes/Data/jenkins/workspace/8-2-build-macosx-x64/jdk8u371/3355/hotspot/src/share/vm/prims/methodHandles.cpp, line 1188]
Event: 3.451 Thread 0x00007f9ead00e800 Exception <a 'java/lang/NoSuchFieldError': method resolution failed> (0x00000007af26ea10) thrown at [/System/Volumes/Data/jenkins/workspace/8-2-build-macosx-x64/jdk8u371/3355/hotspot/src/share/vm/prims/methodHandles.cpp, line 1188]
Event: 3.874 Thread 0x00007f9eb0cf5000 Implicit null exception at 0x0000000114f7f4ba to 0x0000000114f7fcd9
Event: 6.791 Thread 0x00007f9ead00e800 Implicit null exception at 0x0000000114d6f074 to 0x0000000114d6f329
Event: 6.840 Thread 0x00007f9ead00e800 Implicit null exception at 0x00000001151b16ae to 0x00000001151b1ba9

Events (10 events):
Event: 7.359 loading class org/lwjgl/opengl/GLContext$CapabilitiesCacheEntry
Event: 7.359 loading class org/lwjgl/opengl/GLContext$CapabilitiesCacheEntry done
Event: 7.359 Thread 0x00007f9ead00e800 Uncommon trap: trap_request=0xffffffa7 fr.pc=0x0000000114efabfc
Event: 7.359 Thread 0x00007f9ead00e800 DEOPT PACKING pc=0x0000000114efabfc sp=0x000070000f626fe0
Event: 7.359 Thread 0x00007f9ead00e800 DEOPT UNPACKING pc=0x0000000114a857ba sp=0x000070000f626ed8 mode 2
Event: 7.365 loading class org/lwjgl/opengl/ContextCapabilities
Event: 7.365 loading class org/lwjgl/opengl/ContextCapabilities done
Event: 7.365 Thread 0x00007f9ead00e800 Uncommon trap: trap_request=0xffffffa7 fr.pc=0x0000000114efabfc
Event: 7.365 Thread 0x00007f9ead00e800 DEOPT PACKING pc=0x0000000114efabfc sp=0x000070000f627630
Event: 7.365 Thread 0x00007f9ead00e800 DEOPT UNPACKING pc=0x0000000114a857ba sp=0x000070000f627528 mode 2


Dynamic libraries:
0x00007ff81a1f1000 	/System/Library/Frameworks/Cocoa.framework/Versions/A/Cocoa
0x00007ff805e49000 	/System/Library/Frameworks/AppKit.framework/Versions/C/AppKit
0x00007ff809360000 	/System/Library/Frameworks/CoreData.framework/Versions/A/CoreData
0x00007ff80424c000 	/System/Library/Frameworks/Foundation.framework/Versions/C/Foundation
0x00007ff80e182000 	/usr/lib/libSystem.B.dylib
0x00007ff806cd9000 	/System/Library/PrivateFrameworks/UIFoundation.framework/Versions/A/UIFoundation
0x00007ff8140f3000 	/System/Library/PrivateFrameworks/RemoteViewServices.framework/Versions/A/RemoteViewServices
0x00007ff80c3d6000 	/System/Library/PrivateFrameworks/XCTTargetBootstrap.framework/Versions/A/XCTTargetBootstrap
0x00007ff80ff89000 	/System/Library/PrivateFrameworks/InternationalSupport.framework/Versions/A/InternationalSupport
0x00007ff810013000 	/System/Library/PrivateFrameworks/UserActivity.framework/Versions/A/UserActivity
0x00007ff80f369000 	/usr/lib/libspindump.dylib
0x00007ff806f68000 	/System/Library/Frameworks/UniformTypeIdentifiers.framework/Versions/A/UniformTypeIdentifiers
0x00007ff80aafa000 	/usr/lib/libapp_launch_measurement.dylib
0x00007ff809d32000 	/System/Library/PrivateFrameworks/CoreAnalytics.framework/Versions/A/CoreAnalytics
0x00007ff80aafd000 	/System/Library/PrivateFrameworks/CoreAutoLayout.framework/Versions/A/CoreAutoLayout
0x00007ff80bd2d000 	/System/Library/Frameworks/Metal.framework/Versions/A/Metal
0x00007ff80ca5c000 	/usr/lib/liblangid.dylib
0x00007ff80c3db000 	/System/Library/PrivateFrameworks/CoreSVG.framework/Versions/A/CoreSVG
0x00007ff808354000 	/System/Library/PrivateFrameworks/SkyLight.framework/Versions/A/SkyLight
0x00007ff8086f3000 	/System/Library/Frameworks/CoreGraphics.framework/Versions/A/CoreGraphics
0x00007ff8147b3000 	/System/Library/Frameworks/Accelerate.framework/Versions/A/Accelerate
0x00007ff80ede8000 	/System/Library/PrivateFrameworks/IconServices.framework/Versions/A/IconServices
0x00007ff80bd12000 	/System/Library/Frameworks/IOSurface.framework/Versions/A/IOSurface
0x00007ff809d60000 	/usr/lib/libDiagnosticMessagesClient.dylib
0x00007ff80e0a2000 	/usr/lib/libz.1.dylib
0x00007ff817e95000 	/System/Library/Frameworks/ApplicationServices.framework/Versions/A/ApplicationServices
0x00007ff80c3c2000 	/System/Library/PrivateFrameworks/DFRFoundation.framework/Versions/A/DFRFoundation
0x00007ff805731000 	/usr/lib/libicucore.A.dylib
0x00007ff810d7f000 	/System/Library/Frameworks/AudioToolbox.framework/Versions/A/AudioToolbox
0x00007ff80ff95000 	/System/Library/PrivateFrameworks/DataDetectorsCore.framework/Versions/A/DataDetectorsCore
0x00007ff90c493000 	/System/Library/PrivateFrameworks/TextInput.framework/Versions/A/TextInput
0x00007ff8082d7000 	/usr/lib/libMobileGestalt.dylib
0x00007ff80c0ce000 	/System/Library/Frameworks/Carbon.framework/Versions/A/Frameworks/HIToolbox.framework/Versions/A/HIToolbox
0x00007ff80a4fd000 	/System/Library/Frameworks/QuartzCore.framework/Versions/A/QuartzCore
0x00007ff8053d6000 	/System/Library/Frameworks/Security.framework/Versions/A/Security
0x00007ff81412b000 	/System/Library/Frameworks/Carbon.framework/Versions/A/Frameworks/SpeechRecognition.framework/Versions/A/SpeechRecognition
0x00007ff80a85a000 	/System/Library/PrivateFrameworks/CoreUI.framework/Versions/A/CoreUI
0x00007ff804ca0000 	/System/Library/Frameworks/CoreAudio.framework/Versions/A/CoreAudio
0x00007ff809e4f000 	/System/Library/Frameworks/DiskArbitration.framework/Versions/A/DiskArbitration
0x00007ff80f757000 	/System/Library/PrivateFrameworks/MultitouchSupport.framework/Versions/A/MultitouchSupport
0x00007ff8082d6000 	/usr/lib/libenergytrace.dylib
0x00007ff805d35000 	/System/Library/Frameworks/IOKit.framework/Versions/A/IOKit
0x00007ff81451b000 	/System/Library/Frameworks/CoreServices.framework/Versions/A/CoreServices
0x00007ff80aa94000 	/System/Library/PrivateFrameworks/PerformanceAnalysis.framework/Versions/A/PerformanceAnalysis
0x00007ffa1c175000 	/System/Library/Frameworks/OpenGL.framework/Versions/A/OpenGL
0x00007ff80d6be000 	/System/Library/PrivateFrameworks/MobileKeyBag.framework/Versions/A/MobileKeyBag
0x00007ff803216000 	/usr/lib/libobjc.A.dylib
0x00007ff808dbf000 	/System/Library/Frameworks/ColorSync.framework/Versions/A/ColorSync
0x00007ff8033d0000 	/System/Library/Frameworks/CoreFoundation.framework/Versions/A/CoreFoundation
0x00007ff80c652000 	/System/Library/Frameworks/CoreImage.framework/Versions/A/CoreImage
0x00007ff804ab4000 	/System/Library/Frameworks/CoreText.framework/Versions/A/CoreText
0x00007ff80c40b000 	/System/Library/Frameworks/ImageIO.framework/Versions/A/ImageIO
0x00007ff80e188000 	/System/Library/PrivateFrameworks/SoftLinking.framework/Versions/A/SoftLinking
0x00007ff80ab45000 	/usr/lib/libxml2.2.dylib
0x00007ff8032dc000 	/usr/lib/libc++.1.dylib
0x00007ff80e40c000 	/usr/lib/libcompression.dylib
0x00007ff80febc000 	/System/Library/PrivateFrameworks/TextureIO.framework/Versions/A/TextureIO
0x00007ff80eafa000 	/usr/lib/libate.dylib
0x00007ff80e17d000 	/usr/lib/system/libcache.dylib
0x00007ff80e139000 	/usr/lib/system/libcommonCrypto.dylib
0x00007ff80e162000 	/usr/lib/system/libcompiler_rt.dylib
0x00007ff80e158000 	/usr/lib/system/libcopyfile.dylib
0x00007ff803111000 	/usr/lib/system/libcorecrypto.dylib
0x00007ff8031cf000 	/usr/lib/system/libdispatch.dylib
0x00007ff80338f000 	/usr/lib/system/libdyld.dylib
0x00007ff80e174000 	/usr/lib/system/libkeymgr.dylib
0x00007ff80e117000 	/usr/lib/system/libmacho.dylib
0x00007ff80d798000 	/usr/lib/system/libquarantine.dylib
0x00007ff80e172000 	/usr/lib/system/libremovefile.dylib
0x00007ff808324000 	/usr/lib/system/libsystem_asl.dylib
0x00007ff8030ba000 	/usr/lib/system/libsystem_blocks.dylib
0x00007ff803253000 	/usr/lib/system/libsystem_c.dylib
0x00007ff80e16a000 	/usr/lib/system/libsystem_collections.dylib
0x00007ff80ca4c000 	/usr/lib/system/libsystem_configuration.dylib
0x00007ff80bcf5000 	/usr/lib/system/libsystem_containermanager.dylib
0x00007ff80de4f000 	/usr/lib/system/libsystem_coreservices.dylib
0x00007ff8059c5000 	/usr/lib/system/libsystem_darwin.dylib
0x00007ff80e175000 	/usr/lib/system/libsystem_dnssd.dylib
0x00007ff803250000 	/usr/lib/system/libsystem_featureflags.dylib
0x00007ff8033a5000 	/usr/lib/system/libsystem_info.dylib
0x00007ff80e0b5000 	/usr/lib/system/libsystem_m.dylib
0x00007ff8031a3000 	/usr/lib/system/libsystem_malloc.dylib
0x00007ff8082bf000 	/usr/lib/system/libsystem_networkextension.dylib
0x00007ff805deb000 	/usr/lib/system/libsystem_notify.dylib
0x00007ff8143f0000 	/usr/lib/system/libsystem_product_info_filter.dylib
0x00007ff80ca50000 	/usr/lib/system/libsystem_sandbox.dylib
0x00007ff80e16f000 	/usr/lib/system/libsystem_secinit.dylib
0x00007ff80334b000 	/usr/lib/system/libsystem_kernel.dylib
0x00007ff80339b000 	/usr/lib/system/libsystem_platform.dylib
0x00007ff803383000 	/usr/lib/system/libsystem_pthread.dylib
0x00007ff809b72000 	/usr/lib/system/libsystem_symptoms.dylib
0x00007ff8030f8000 	/usr/lib/system/libsystem_trace.dylib
0x00007ff80e145000 	/usr/lib/system/libunwind.dylib
0x00007ff8030bc000 	/usr/lib/system/libxpc.dylib
0x00007ff803335000 	/usr/lib/libc++abi.dylib
0x00007ff80e150000 	/usr/lib/liboah.dylib
0x00007ff80e8d6000 	/usr/lib/liblzma.5.dylib
0x00007ff803f5e000 	/System/Library/Frameworks/SystemConfiguration.framework/Versions/A/SystemConfiguration
0x00007ff80e184000 	/usr/lib/libfakelink.dylib
0x00007ff807e2f000 	/System/Library/Frameworks/CFNetwork.framework/Versions/A/CFNetwork
0x00007ff80e2c5000 	/usr/lib/libarchive.2.dylib
0x00007ff80ca58000 	/System/Library/PrivateFrameworks/AppleSystemInfo.framework/Versions/A/AppleSystemInfo
0x00007ff80d7bf000 	/usr/lib/libbsm.0.dylib
0x00007ff80743e000 	/usr/lib/libnetwork.dylib
0x00007ff80e11d000 	/usr/lib/system/libkxld.dylib
0x00007ff80d3f2000 	/System/Library/PrivateFrameworks/IOMobileFramebuffer.framework/Versions/A/IOMobileFramebuffer
0x00007ffb1bb3f000 	/usr/lib/libCoreEntitlements.dylib
0x00007ff80de31000 	/System/Library/PrivateFrameworks/AppleFSCompression.framework/Versions/A/AppleFSCompression
0x00007ff80d7a7000 	/usr/lib/libcoretls.dylib
0x00007ff80e8f0000 	/usr/lib/libcoretls_cfhelpers.dylib
0x00007ff80e407000 	/usr/lib/libpam.2.dylib
0x00007ff809791000 	/usr/lib/libsqlite3.dylib
0x00007ff80e95f000 	/usr/lib/libxar.1.dylib
0x00007ff80de41000 	/usr/lib/libbz2.1.0.dylib
0x00007ff80e189000 	/usr/lib/libpcap.A.dylib
0x00007ff809b6a000 	/usr/lib/libdns_services.dylib
0x00007ff80e3d7000 	/usr/lib/libapple_nghttp2.dylib
0x00007ff80e1c3000 	/usr/lib/libiconv.2.dylib
0x00007ff80e116000 	/usr/lib/libcharset.1.dylib
0x00007ff80aac8000 	/System/Library/Frameworks/CoreServices.framework/Versions/A/Frameworks/FSEvents.framework/Versions/A/FSEvents
0x00007ff8059cf000 	/System/Library/Frameworks/CoreServices.framework/Versions/A/Frameworks/CarbonCore.framework/Versions/A/CarbonCore
0x00007ff809db3000 	/System/Library/Frameworks/CoreServices.framework/Versions/A/Frameworks/Metadata.framework/Versions/A/Metadata
0x00007ff80de54000 	/System/Library/Frameworks/CoreServices.framework/Versions/A/Frameworks/OSServices.framework/Versions/A/OSServices
0x00007ff80e34c000 	/System/Library/Frameworks/CoreServices.framework/Versions/A/Frameworks/SearchKit.framework/Versions/A/SearchKit
0x00007ff809afc000 	/System/Library/Frameworks/CoreServices.framework/Versions/A/Frameworks/AE.framework/Versions/A/AE
0x00007ff8038d3000 	/System/Library/Frameworks/CoreServices.framework/Versions/A/Frameworks/LaunchServices.framework/Versions/A/LaunchServices
0x00007ff80e887000 	/System/Library/Frameworks/CoreServices.framework/Versions/A/Frameworks/DictionaryServices.framework/Versions/A/DictionaryServices
0x00007ff80aad5000 	/System/Library/Frameworks/CoreServices.framework/Versions/A/Frameworks/SharedFileList.framework/Versions/A/SharedFileList
0x00007ff80d79b000 	/usr/lib/libCheckFix.dylib
0x00007ff80833b000 	/System/Library/PrivateFrameworks/TCC.framework/Versions/A/TCC
0x00007ff80ca5e000 	/System/Library/PrivateFrameworks/CoreNLP.framework/Versions/A/CoreNLP
0x00007ff809d63000 	/System/Library/PrivateFrameworks/MetadataUtilities.framework/Versions/A/MetadataUtilities
0x00007ff80400f000 	/usr/lib/libmecabra.dylib
0x00007ff80d7cf000 	/usr/lib/libmecab.dylib
0x00007ff803fda000 	/usr/lib/libCRFSuite.dylib
0x00007ff80d829000 	/usr/lib/libgermantok.dylib
0x00007ff80e3b2000 	/usr/lib/libThaiTokenizer.dylib
0x00007ff809e56000 	/System/Library/Frameworks/Accelerate.framework/Versions/A/Frameworks/vImage.framework/Versions/A/vImage
0x00007ff8144f2000 	/System/Library/Frameworks/Accelerate.framework/Versions/A/Frameworks/vecLib.framework/Versions/A/vecLib
0x00007ff80e9a0000 	/System/Library/Frameworks/Accelerate.framework/Versions/A/Frameworks/vecLib.framework/Versions/A/libvMisc.dylib
0x00007ff80d21d000 	/System/Library/Frameworks/Accelerate.framework/Versions/A/Frameworks/vecLib.framework/Versions/A/libvDSP.dylib
0x00007ff803c4e000 	/System/Library/Frameworks/Accelerate.framework/Versions/A/Frameworks/vecLib.framework/Versions/A/libBLAS.dylib
0x00007ff80e4e9000 	/System/Library/Frameworks/Accelerate.framework/Versions/A/Frameworks/vecLib.framework/Versions/A/libLAPACK.dylib
0x00007ff80d82c000 	/System/Library/Frameworks/Accelerate.framework/Versions/A/Frameworks/vecLib.framework/Versions/A/libLinearAlgebra.dylib
0x00007ff80e3ef000 	/System/Library/Frameworks/Accelerate.framework/Versions/A/Frameworks/vecLib.framework/Versions/A/libSparseBLAS.dylib
0x00007ff80e4e3000 	/System/Library/Frameworks/Accelerate.framework/Versions/A/Frameworks/vecLib.framework/Versions/A/libQuadrature.dylib
0x00007ff80cb49000 	/System/Library/Frameworks/Accelerate.framework/Versions/A/Frameworks/vecLib.framework/Versions/A/libBNNS.dylib
0x00007ff803ee8000 	/System/Library/Frameworks/Accelerate.framework/Versions/A/Frameworks/vecLib.framework/Versions/A/libSparse.dylib
0x00007ff80cb42000 	/System/Library/PrivateFrameworks/LinguisticData.framework/Versions/A/LinguisticData
0x00007ff803e9e000 	/System/Library/PrivateFrameworks/Lexicon.framework/Versions/A/Lexicon
0x00007ff80e999000 	/usr/lib/libChineseTokenizer.dylib
0x00007ff804609000 	/System/Library/PrivateFrameworks/LanguageModeling.framework/Versions/A/LanguageModeling
0x00007ff80e3b4000 	/System/Library/PrivateFrameworks/AppleSauce.framework/Versions/A/AppleSauce
0x00007ff80d3e0000 	/System/Library/PrivateFrameworks/CoreEmoji.framework/Versions/A/CoreEmoji
0x00007ff80e2b4000 	/usr/lib/libcmph.dylib
0x00007ff80aaac000 	/System/Library/Frameworks/OpenDirectory.framework/Versions/A/Frameworks/CFOpenDirectory.framework/Versions/A/CFOpenDirectory
0x00007ff80aaa0000 	/System/Library/Frameworks/OpenDirectory.framework/Versions/A/OpenDirectory
0x00007ff80e8f2000 	/System/Library/PrivateFrameworks/APFS.framework/Versions/A/APFS
0x00007ff80d6f6000 	/System/Library/Frameworks/SecurityFoundation.framework/Versions/A/SecurityFoundation
0x00007ff80e96d000 	/usr/lib/libutil.dylib
0x00007ff805cf9000 	/System/Library/PrivateFrameworks/CoreServicesStore.framework/Versions/A/CoreServicesStore
0x00007ff80e971000 	/usr/lib/libxslt.1.dylib
0x00007ff80d783000 	/System/Library/PrivateFrameworks/BackgroundTaskManagement.framework/Versions/A/BackgroundTaskManagement
0x00007ff80fddc000 	/System/Library/Frameworks/ImageIO.framework/Versions/A/Resources/libRadiance.dylib
0x00007ff80fde5000 	/System/Library/Frameworks/ImageIO.framework/Versions/A/Resources/libJPEG.dylib
0x00007ff80fd36000 	/System/Library/Frameworks/ImageIO.framework/Versions/A/Resources/libPng.dylib
0x00007ff80fd57000 	/System/Library/Frameworks/ImageIO.framework/Versions/A/Resources/libTIFF.dylib
0x00007ff80fe45000 	/System/Library/Frameworks/ImageIO.framework/Versions/A/Resources/libGIF.dylib
0x00007ff80f671000 	/System/Library/Frameworks/ImageIO.framework/Versions/A/Resources/libJP2.dylib
0x00007ff80edaf000 	/usr/lib/libexpat.1.dylib
0x00007ff80f626000 	/System/Library/PrivateFrameworks/AppleJPEG.framework/Versions/A/AppleJPEG
0x00007ff80bf92000 	/System/Library/PrivateFrameworks/FontServices.framework/libFontParser.dylib
0x00007ff809aa6000 	/System/Library/PrivateFrameworks/RunningBoardServices.framework/Versions/A/RunningBoardServices
0x00007ff81a7ac000 	/System/Library/PrivateFrameworks/IOSurfaceAccelerator.framework/Versions/A/IOSurfaceAccelerator
0x00007ff80f753000 	/System/Library/PrivateFrameworks/WatchdogClient.framework/Versions/A/WatchdogClient
0x00007ff8046f7000 	/System/Library/Frameworks/CoreDisplay.framework/Versions/A/CoreDisplay
0x00007ff80be90000 	/System/Library/Frameworks/CoreMedia.framework/Versions/A/CoreMedia
0x00007ff80bd24000 	/System/Library/PrivateFrameworks/IOAccelerator.framework/Versions/A/IOAccelerator
0x00007ff80ac29000 	/System/Library/Frameworks/CoreVideo.framework/Versions/A/CoreVideo
0x00007ff80e405000 	/System/Library/Frameworks/MetalPerformanceShaders.framework/Versions/A/MetalPerformanceShaders
0x00007ff80f790000 	/System/Library/Frameworks/VideoToolbox.framework/Versions/A/VideoToolbox
0x00007ff8099f0000 	/System/Library/PrivateFrameworks/BaseBoard.framework/Versions/A/BaseBoard
0x00007ff809777000 	/System/Library/PrivateFrameworks/ProtocolBuffer.framework/Versions/A/ProtocolBuffer
0x00007ff80fdd5000 	/System/Library/PrivateFrameworks/GPUWrangler.framework/Versions/A/GPUWrangler
0x00007ff80fdb9000 	/System/Library/PrivateFrameworks/IOPresentment.framework/Versions/A/IOPresentment
0x00007ff80fddf000 	/System/Library/PrivateFrameworks/DSExternalDisplay.framework/Versions/A/DSExternalDisplay
0x00007ffa1c169000 	/System/Library/Frameworks/OpenGL.framework/Versions/A/Libraries/libCoreFSCache.dylib
0x00007ffb09240000 	/System/Library/PrivateFrameworks/GPUCompiler.framework/Versions/31001/Libraries/libGPUCompilerUtils.dylib
0x00007ff80fe4a000 	/System/Library/PrivateFrameworks/CMCaptureCore.framework/Versions/A/CMCaptureCore
0x00007ff80f357000 	/System/Library/PrivateFrameworks/AppServerSupport.framework/Versions/A/AppServerSupport
0x00007ff811618000 	/System/Library/PrivateFrameworks/perfdata.framework/Versions/A/perfdata
0x00007ff804823000 	/System/Library/PrivateFrameworks/AudioToolboxCore.framework/Versions/A/AudioToolboxCore
0x00007ff80be6e000 	/System/Library/PrivateFrameworks/caulk.framework/Versions/A/caulk
0x00007ff810f2a000 	/usr/lib/libAudioStatistics.dylib
0x00007ff908c21000 	/System/Library/PrivateFrameworks/SystemPolicy.framework/Versions/A/SystemPolicy
0x00007ff811185000 	/usr/lib/libSMC.dylib
0x00007ff81a0a4000 	/System/Library/Frameworks/CoreMIDI.framework/Versions/A/CoreMIDI
0x00007ff80fd05000 	/usr/lib/libAudioToolboxUtility.dylib
0x00007ff904e4d000 	/System/Library/PrivateFrameworks/OSAServicesClient.framework/Versions/A/OSAServicesClient
0x00007ff811625000 	/usr/lib/libperfcheck.dylib
0x00007ff9096ce000 	/usr/lib/libmis.dylib
0x00007ffa1c1c4000 	/System/Library/Frameworks/OpenGL.framework/Versions/A/Libraries/libGLU.dylib
0x00007ffa1c188000 	/System/Library/Frameworks/OpenGL.framework/Versions/A/Libraries/libGFXShared.dylib
0x00007ffa1c391000 	/System/Library/Frameworks/OpenGL.framework/Versions/A/Libraries/libGL.dylib
0x00007ffa1c191000 	/System/Library/Frameworks/OpenGL.framework/Versions/A/Libraries/libGLImage.dylib
0x00007ffa1c185000 	/System/Library/Frameworks/OpenGL.framework/Versions/A/Libraries/libCVMSPluginSupport.dylib
0x00007ffa1c170000 	/System/Library/Frameworks/OpenGL.framework/Versions/A/Libraries/libCoreVMClient.dylib
0x00007ff80c9da000 	/System/Library/Frameworks/MetalPerformanceShaders.framework/Versions/A/Frameworks/MPSCore.framework/Versions/A/MPSCore
0x00007ff80dd9c000 	/System/Library/Frameworks/MetalPerformanceShaders.framework/Versions/A/Frameworks/MPSImage.framework/Versions/A/MPSImage
0x00007ff80d842000 	/System/Library/Frameworks/MetalPerformanceShaders.framework/Versions/A/Frameworks/MPSNeuralNetwork.framework/Versions/A/MPSNeuralNetwork
0x00007ff80dcb6000 	/System/Library/Frameworks/MetalPerformanceShaders.framework/Versions/A/Frameworks/MPSMatrix.framework/Versions/A/MPSMatrix
0x00007ff80da71000 	/System/Library/Frameworks/MetalPerformanceShaders.framework/Versions/A/Frameworks/MPSRayIntersector.framework/Versions/A/MPSRayIntersector
0x00007ff80dcee000 	/System/Library/Frameworks/MetalPerformanceShaders.framework/Versions/A/Frameworks/MPSNDArray.framework/Versions/A/MPSNDArray
0x00007ffa21c49000 	/System/Library/Frameworks/MetalPerformanceShaders.framework/Versions/A/Frameworks/MPSFunctions.framework/Versions/A/MPSFunctions
0x00007ff803b2a000 	/System/Library/PrivateFrameworks/MetalTools.framework/Versions/A/MetalTools
0x00007ff80ca56000 	/System/Library/PrivateFrameworks/AggregateDictionary.framework/Versions/A/AggregateDictionary
0x00007ff80eb91000 	/usr/lib/libIOReport.dylib
0x00007ffa1d7a0000 	/System/Library/Frameworks/OpenCL.framework/Versions/A/OpenCL
0x00007ff80eef5000 	/System/Library/PrivateFrameworks/FaceCore.framework/Versions/A/FaceCore
0x00007ff80eee6000 	/System/Library/PrivateFrameworks/GraphVisualizer.framework/Versions/A/GraphVisualizer
0x00007ffb0914b000 	/System/Library/PrivateFrameworks/FontServices.framework/Versions/A/FontServices
0x00007ff80f30f000 	/System/Library/PrivateFrameworks/OTSVG.framework/Versions/A/OTSVG
0x00007ff80a810000 	/System/Library/Frameworks/ApplicationServices.framework/Versions/A/Frameworks/ATS.framework/Versions/A/Resources/libFontRegistry.dylib
0x00007ff80f35f000 	/System/Library/PrivateFrameworks/FontServices.framework/libhvf.dylib
0x00007ffb0914c000 	/System/Library/PrivateFrameworks/FontServices.framework/libXTFontStaticRegistryData.dylib
0x00007ff80ed5f000 	/System/Library/PrivateFrameworks/AppleVA.framework/Versions/A/AppleVA
0x00007ff810f4a000 	/System/Library/Frameworks/ApplicationServices.framework/Versions/A/Frameworks/ATS.framework/Versions/A/ATS
0x00007ff808ebd000 	/System/Library/Frameworks/ApplicationServices.framework/Versions/A/Frameworks/HIServices.framework/Versions/A/HIServices
0x00007ff80fe54000 	/System/Library/Frameworks/ApplicationServices.framework/Versions/A/Frameworks/PrintCore.framework/Versions/A/PrintCore
0x00007ff8112d8000 	/System/Library/Frameworks/ApplicationServices.framework/Versions/A/Frameworks/QD.framework/Versions/A/QD
0x00007ff8112d0000 	/System/Library/Frameworks/ApplicationServices.framework/Versions/A/Frameworks/ColorSyncLegacy.framework/Versions/A/ColorSyncLegacy
0x00007ff810f3a000 	/System/Library/Frameworks/ApplicationServices.framework/Versions/A/Frameworks/SpeechSynthesis.framework/Versions/A/SpeechSynthesis
0x00007ff80fe15000 	/System/Library/Frameworks/ApplicationServices.framework/Versions/A/Frameworks/ATSUI.framework/Versions/A/ATSUI
0x00007ff811265000 	/usr/lib/libcups.2.dylib
0x00007ff811634000 	/System/Library/Frameworks/Kerberos.framework/Versions/A/Kerberos
0x00007ff811643000 	/System/Library/Frameworks/GSS.framework/Versions/A/GSS
0x00007ff810fb6000 	/usr/lib/libresolv.9.dylib
0x00007ff80f36e000 	/System/Library/PrivateFrameworks/Heimdal.framework/Versions/A/Heimdal
0x00007ff818227000 	/System/Library/Frameworks/Kerberos.framework/Versions/A/Libraries/libHeimdalProxy.dylib
0x00007ff809b7a000 	/System/Library/Frameworks/Network.framework/Versions/A/Network
0x00007ff80edc9000 	/usr/lib/libheimdal-asn1.dylib
0x00007ff81168e000 	/System/Library/PrivateFrameworks/CommonAuth.framework/Versions/A/CommonAuth
0x00007ff810ebc000 	/System/Library/PrivateFrameworks/AudioSession.framework/Versions/A/AudioSession
0x00007ff80ee59000 	/System/Library/PrivateFrameworks/MediaExperience.framework/Versions/A/MediaExperience
0x00007ff810d4e000 	/System/Library/PrivateFrameworks/AudioSession.framework/libSessionUtility.dylib
0x00007ff8112e4000 	/System/Library/PrivateFrameworks/AudioResourceArbitration.framework/Versions/A/AudioResourceArbitration
0x00007ff815365000 	/System/Library/PrivateFrameworks/PowerLog.framework/Versions/A/PowerLog
0x00007ff80edd2000 	/System/Library/PrivateFrameworks/IconFoundation.framework/Versions/A/IconFoundation
0x00007ff81411b000 	/System/Library/PrivateFrameworks/SpeechRecognitionCore.framework/Versions/A/SpeechRecognitionCore
0x000000010b961000 	/Library/Internet Plug-Ins/JavaAppletPlugin.plugin/Contents/Home/lib/server/libjvm.dylib
0x000000010ab9c000 	/Library/Internet Plug-Ins/JavaAppletPlugin.plugin/Contents/Home/lib/libverify.dylib
0x000000010abe1000 	/Library/Internet Plug-Ins/JavaAppletPlugin.plugin/Contents/Home/lib/libjava.dylib
0x000000010ac5e000 	/Library/Internet Plug-Ins/JavaAppletPlugin.plugin/Contents/Home/lib/libjdwp.dylib
0x000000010abae000 	/Library/Internet Plug-Ins/JavaAppletPlugin.plugin/Contents/Home/lib/libnpt.dylib
0x000000010ac15000 	/Library/Internet Plug-Ins/JavaAppletPlugin.plugin/Contents/Home/lib/libinstrument.dylib
0x000000010abc4000 	/Library/Internet Plug-Ins/JavaAppletPlugin.plugin/Contents/Home/lib/libzip.dylib
0x000000010ac4b000 	/Library/Internet Plug-Ins/JavaAppletPlugin.plugin/Contents/Home/lib/libdt_socket.dylib
0x0000000110c6f000 	/Library/Internet Plug-Ins/JavaAppletPlugin.plugin/Contents/Home/lib/libmanagement.dylib
0x0000000110c81000 	/Library/Internet Plug-Ins/JavaAppletPlugin.plugin/Contents/Home/lib/libnet.dylib
0x0000000110c9b000 	/Library/Internet Plug-Ins/JavaAppletPlugin.plugin/Contents/Home/lib/libnio.dylib
0x0000000111b3a000 	/Library/Internet Plug-Ins/JavaAppletPlugin.plugin/Contents/Home/lib/libawt.dylib
0x0000000111c90000 	/Library/Internet Plug-Ins/JavaAppletPlugin.plugin/Contents/Home/lib/libmlib_image.dylib
0x00007ffa21bb2000 	/System/Library/Frameworks/JavaRuntimeSupport.framework/Versions/A/JavaRuntimeSupport
0x00007ff908745000 	/System/Library/Frameworks/Carbon.framework/Versions/A/Carbon
0x00007ff8165df000 	/System/Library/PrivateFrameworks/CoreSymbolication.framework/Versions/A/CoreSymbolication
0x00007ff81bb43000 	/System/Library/Frameworks/Carbon.framework/Versions/A/Frameworks/CommonPanels.framework/Versions/A/CommonPanels
0x00007ff817c13000 	/System/Library/Frameworks/Carbon.framework/Versions/A/Frameworks/Help.framework/Versions/A/Help
0x00007ff81bb47000 	/System/Library/Frameworks/Carbon.framework/Versions/A/Frameworks/ImageCapture.framework/Versions/A/ImageCapture
0x00007ff81bb17000 	/System/Library/Frameworks/Carbon.framework/Versions/A/Frameworks/OpenScripting.framework/Versions/A/OpenScripting
0x00007ff81bb3f000 	/System/Library/Frameworks/Carbon.framework/Versions/A/Frameworks/Ink.framework/Versions/A/Ink
0x00007ff908741000 	/System/Library/Frameworks/Carbon.framework/Versions/A/Frameworks/Print.framework/Versions/A/Print
0x00007ff81bb3b000 	/System/Library/Frameworks/Carbon.framework/Versions/A/Frameworks/SecurityHI.framework/Versions/A/SecurityHI
0x00007ff8165a4000 	/System/Library/PrivateFrameworks/DebugSymbols.framework/Versions/A/DebugSymbols
0x0000000111e38000 	/Library/Internet Plug-Ins/JavaAppletPlugin.plugin/Contents/Home/lib/libawt_lwawt.dylib
0x0000000111add000 	/Library/Internet Plug-Ins/JavaAppletPlugin.plugin/Contents/Home/lib/libosxapp.dylib
0x00007ff907a0f000 	/System/Library/Frameworks/ExceptionHandling.framework/Versions/A/ExceptionHandling
0x00007ffa21ba6000 	/System/Library/Frameworks/JavaNativeFoundation.framework/Versions/A/JavaNativeFoundation
0x0000000111d48000 	/Library/Internet Plug-Ins/JavaAppletPlugin.plugin/Contents/Home/lib/libfontmanager.dylib
0x00007ff805cbb000 	/System/Library/PrivateFrameworks/CoreServicesInternal.framework/Versions/A/CoreServicesInternal
0x00007ff815956000 	/System/Library/Frameworks/FileProvider.framework/Versions/A/FileProvider
0x00007ff80995d000 	/System/Library/Frameworks/Accounts.framework/Versions/A/Accounts
0x00007ff815acf000 	/System/Library/PrivateFrameworks/GenerationalStorage.framework/Versions/A/GenerationalStorage
0x00007ff81535a000 	/System/Library/PrivateFrameworks/SymptomDiagnosticReporter.framework/Versions/A/SymptomDiagnosticReporter
0x00007ff806f7c000 	/System/Library/PrivateFrameworks/DesktopServicesPriv.framework/Versions/A/DesktopServicesPriv
0x00007ff805dfa000 	/usr/lib/libsandbox.1.dylib
0x00007ff80aca8000 	/System/Library/PrivateFrameworks/UserManagement.framework/Versions/A/UserManagement
0x00007ff8112c5000 	/System/Library/PrivateFrameworks/NetAuth.framework/Versions/A/NetAuth
0x00007ff8121d4000 	/System/Library/PrivateFrameworks/Sharing.framework/Versions/A/Sharing
0x00007ff80ac7b000 	/System/Library/PrivateFrameworks/login.framework/Versions/A/Frameworks/loginsupport.framework/Versions/A/loginsupport
0x00007ff817742000 	/System/Library/PrivateFrameworks/Apple80211.framework/Versions/A/Apple80211
0x00007ff80de81000 	/System/Library/PrivateFrameworks/AuthKit.framework/Versions/A/AuthKit
0x00007ff80d4d6000 	/System/Library/PrivateFrameworks/CoreUtils.framework/Versions/A/CoreUtils
0x00007ff80d3fd000 	/System/Library/Frameworks/CoreWLAN.framework/Versions/A/CoreWLAN
0x00007ff812333000 	/System/Library/Frameworks/IOBluetooth.framework/Versions/A/IOBluetooth
0x00007ff8177aa000 	/System/Library/PrivateFrameworks/CoreWiFi.framework/Versions/A/CoreWiFi
0x00007ff816179000 	/System/Library/PrivateFrameworks/FrontBoardServices.framework/Versions/A/FrontBoardServices
0x00007ff81620a000 	/System/Library/PrivateFrameworks/BoardServices.framework/Versions/A/BoardServices
0x00007ff80d6e5000 	/System/Library/PrivateFrameworks/AssertionServices.framework/Versions/A/AssertionServices
0x00007ff81792d000 	/System/Library/PrivateFrameworks/BackBoardServices.framework/Versions/A/BackBoardServices
0x00007ff81171f000 	/System/Library/PrivateFrameworks/CorePhoneNumbers.framework/Versions/A/CorePhoneNumbers
0x00007ff810fe3000 	/System/Library/PrivateFrameworks/MultiverseSupport.framework/Versions/A/MultiverseSupport
0x00007ff817ba0000 	/System/Library/PrivateFrameworks/RemoteServiceDiscovery.framework/Versions/A/RemoteServiceDiscovery
0x00007ff815477000 	/System/Library/PrivateFrameworks/DiskManagement.framework/Versions/A/DiskManagement
0x00007ff81538b000 	/System/Library/PrivateFrameworks/AppleIDAuthSupport.framework/Versions/A/AppleIDAuthSupport
0x00007ffb03ac6000 	/System/Library/PrivateFrameworks/AAAFoundation.framework/Versions/A/AAAFoundation
0x00007ff811700000 	/System/Library/PrivateFrameworks/KeychainCircle.framework/Versions/A/KeychainCircle
0x00007ff817bb0000 	/System/Library/PrivateFrameworks/RemoteXPC.framework/Versions/A/RemoteXPC
0x00007ff815443000 	/System/Library/PrivateFrameworks/MediaKit.framework/Versions/A/MediaKit
0x00007ff815397000 	/System/Library/Frameworks/DiscRecording.framework/Versions/A/DiscRecording
0x00007ff80ecd7000 	/usr/lib/libCoreStorage.dylib
0x00007ff817c1b000 	/usr/lib/libcsfde.dylib
0x00007ff812400000 	/System/Library/PrivateFrameworks/ProtectedCloudStorage.framework/Versions/A/ProtectedCloudStorage
0x00007ff817c17000 	/System/Library/PrivateFrameworks/EFILogin.framework/Versions/A/EFILogin
0x00007ff815af5000 	/System/Library/PrivateFrameworks/OctagonTrust.framework/Versions/A/OctagonTrust
0x00007ffb083ae000 	/System/Library/PrivateFrameworks/CoreUtilsExtras.framework/Versions/A/CoreUtilsExtras
0x00007ff8152be000 	/System/Library/Frameworks/CoreBluetooth.framework/Versions/A/CoreBluetooth
0x00007ff8182ac000 	/System/Library/Frameworks/AudioUnit.framework/Versions/A/AudioUnit
0x00007ff80eccf000 	/usr/lib/libMatch.1.dylib
0x00007ff9104c9000 	/System/Library/CoreServices/RawCamera.bundle/Contents/MacOS/RawCamera
0x00007ff81169e000 	/System/Library/PrivateFrameworks/MobileAsset.framework/Versions/A/MobileAsset
0x00007ff8182d3000 	/System/Library/PrivateFrameworks/StreamingZip.framework/Versions/A/StreamingZip
0x00007ffb056a2000 	/System/Library/PrivateFrameworks/CMPhoto.framework/Versions/A/CMPhoto
0x00007ff81647a000 	/System/Library/PrivateFrameworks/AppleVPA.framework/Versions/A/AppleVPA
0x00007ff81007e000 	/System/Library/Frameworks/MediaToolbox.framework/Versions/A/MediaToolbox
0x00007ff815926000 	/System/Library/PrivateFrameworks/CoreAVCHD.framework/Versions/A/CoreAVCHD
0x00007ff8147fb000 	/System/Library/Frameworks/MediaAccessibility.framework/Versions/A/MediaAccessibility
0x00007ff815922000 	/System/Library/PrivateFrameworks/Mangrove.framework/Versions/A/Mangrove
0x00007ff814806000 	/System/Library/PrivateFrameworks/AlgosScoreFramework.framework/Versions/A/AlgosScoreFramework
0x00007ff815567000 	/System/Library/PrivateFrameworks/CoreAUC.framework/Versions/A/CoreAUC
0x00007ff90dcf2000 	/System/Library/Frameworks/Accelerate.framework/Versions/A/Frameworks/vImage.framework/Versions/A/Libraries/libCGInterfaces.dylib
0x00000001144c8000 	/usr/lib/libobjc-trampolines.dylib
0x00007ff80a9a0000 	/System/Library/PrivateFrameworks/ViewBridge.framework/Versions/A/ViewBridge
0x00007ffb1bc2e000 	/usr/lib/libRosetta.dylib
0x00000001147f4000 	/Users/lekhai/Downloads/IF/1.8.8/Build 918/jars/versions/1.8.8/1.8.8-natives/liblwjgl.dylib
0x000000011472f000 	/Library/Internet Plug-Ins/JavaAppletPlugin.plugin/Contents/Home/lib/libjawt.dylib
0x00007ffa1c39c000 	/System/Library/Frameworks/OpenGL.framework/Versions/A/Resources/GLEngine.bundle/GLEngine
0x00007ffa1c202000 	/System/Library/Frameworks/OpenGL.framework/Versions/A/Libraries/libGLProgrammability.dylib
0x00007ffa11218000 	/System/Library/Extensions/AppleIntelKBLGraphicsGLDriver.bundle/Contents/MacOS/AppleIntelKBLGraphicsGLDriver
0x00007ff913869000 	/System/Library/PrivateFrameworks/GPUSupport.framework/Versions/A/Libraries/libGPUSupportMercury.dylib
0x0000000125205000 	/System/Library/Extensions/AMDRadeonX4000GLDriver.bundle/Contents/MacOS/AMDRadeonX4000GLDriver
0x00007ffa1fd1c000 	/System/Library/Extensions/AMDRadeonX4000GLDriver.bundle/Contents/MacOS/ATIRadeonX4000SCLib.dylib
0x00007ffa0f8dc000 	/System/Library/Extensions/AMDShared.bundle/Contents/PlugIns/libSC.dylib
0x00007ffa1c526000 	/System/Library/Frameworks/OpenGL.framework/Versions/A/Resources/GLRendererFloat.bundle/GLRendererFloat
0x00007ff80f425000 	/System/Library/PrivateFrameworks/login.framework/Versions/A/login

VM Arguments:
jvm_args: -agentlib:jdwp=transport=dt_socket,suspend=y,address=localhost:52768 -Xmx1024M -Xms1024M -Djava.library.path=/Users/lekhai/Downloads/IF/1.8.8/Build 918/jars/versions/1.8.8/1.8.8-natives -javaagent:/Applications/Eclipse.app/Contents/Eclipse/configuration/org.eclipse.osgi/399/0/.cp/lib/javaagent-shaded.jar -Dfile.encoding=UTF-8 
java_command: Start
java_class_path (initial): /Users/lekhai/Downloads/IF/1.8.8/Build 918/eclipse/Client/bin:/Users/lekhai/Downloads/IF/1.8.8/Build 918/jars/versions/1.8.8/1.8.8.jar:/Users/lekhai/Downloads/IF/1.8.8/Build 918/jars/libraries/oshi-project/oshi-core/1.1/oshi-core-1.1.jar:/Users/lekhai/Downloads/IF/1.8.8/Build 918/jars/libraries/net/java/dev/jna/jna/3.4.0/jna-3.4.0.jar:/Users/lekhai/Downloads/IF/1.8.8/Build 918/jars/libraries/net/java/dev/jna/platform/3.4.0/platform-3.4.0.jar:/Users/lekhai/Downloads/IF/1.8.8/Build 918/jars/libraries/com/ibm/icu/icu4j-core-mojang/51.2/icu4j-core-mojang-51.2.jar:/Users/lekhai/Downloads/IF/1.8.8/Build 918/jars/libraries/net/sf/jopt-simple/jopt-simple/4.6/jopt-simple-4.6.jar:/Users/lekhai/Downloads/IF/1.8.8/Build 918/jars/libraries/com/paulscode/codecjorbis/20101023/codecjorbis-20101023.jar:/Users/lekhai/Downloads/IF/1.8.8/Build 918/jars/libraries/com/paulscode/codecwav/20101023/codecwav-20101023.jar:/Users/lekhai/Downloads/IF/1.8.8/Build 918/jars/libraries/com/paulscode/libraryjavasound/20101123/libraryjavasound-20101123.jar:/Users/lekhai/Downloads/IF/1.8.8/Build 918/jars/libraries/com/paulscode/librarylwjglopenal/20100824/librarylwjglopenal-20100824.jar:/Users/lekhai/Downloads/IF/1.8.8/Build 918/jars/libraries/com/paulscode/soundsystem/20120107/soundsystem-20120107.jar:/Users/lekhai/Downloads/IF/1.8.8/Build 918/jars/libraries/io/netty/netty-all/4.0.23.Final/netty-all-4.0.23.Final.jar:/Users/lekhai/Downloads/IF/1.8.8/Build 918/jars/libraries/com/google/guava/guava/17.0/guava-17.0.jar:/Users/lekhai/Downloads/IF/1.8.8/Build 918/jars/libraries/org/apache/commons/commons-lang3/3.3.2/commons-lang3-3.3.2.jar:/Users/lekhai/Downloads/IF/1.8.8/Build 918/jars/libraries/commons-io/commons-io/2.4/commons-io-2.4.jar:/Users/lekhai/Downloads/IF/1.8.8/Build 918/jars/libraries/commons-codec/commons-codec/1.9/commons-codec-1.9.jar:/Users/lekhai/Downloads/IF/1.8.8/Build 918/jars/libraries/net/java/jinput/jinput/2.0.5/jinput-2.0.5.jar:/Users/lekhai/Downloads/IF
Launcher Type: SUN_STANDARD

Environment Variables:
PATH=/usr/bin:/bin:/usr/sbin:/sbin
SHELL=/bin/zsh

Signal Handlers:
SIGSEGV: [libjvm.dylib+0x59f74f], sa_mask[0]=11111111011111110111111111111111, sa_flags=SA_ONSTACK|SA_RESTART|SA_SIGINFO
SIGBUS: [libjvm.dylib+0x59f74f], sa_mask[0]=11111111011111110111111111111111, sa_flags=SA_RESTART|SA_SIGINFO
SIGFPE: [libjvm.dylib+0x59f74f], sa_mask[0]=11111111011111110111111111111111, sa_flags=SA_RESTART|SA_SIGINFO
SIGPIPE: [libjvm.dylib+0x4931fe], sa_mask[0]=11111111011111110111111111111111, sa_flags=SA_RESTART|SA_SIGINFO
SIGXFSZ: [libjvm.dylib+0x4931fe], sa_mask[0]=11111111011111110111111111111111, sa_flags=SA_RESTART|SA_SIGINFO
SIGILL: [libjvm.dylib+0x59f74f], sa_mask[0]=11111111011111110111111111111111, sa_flags=SA_RESTART|SA_SIGINFO
SIGUSR1: SIG_DFL, sa_mask[0]=00000000000000000000000000000000, sa_flags=none
SIGUSR2: [libjvm.dylib+0x493822], sa_mask[0]=00100000000000000000000000000000, sa_flags=SA_RESTART|SA_SIGINFO
SIGHUP: [libjvm.dylib+0x4919bb], sa_mask[0]=11111111011111110111111111111111, sa_flags=SA_RESTART|SA_SIGINFO
SIGINT: [libjvm.dylib+0x4919bb], sa_mask[0]=11111111011111110111111111111111, sa_flags=SA_RESTART|SA_SIGINFO
SIGTERM: [libjvm.dylib+0x4919bb], sa_mask[0]=11111111011111110111111111111111, sa_flags=SA_RESTART|SA_SIGINFO
SIGQUIT: [libjvm.dylib+0x4919bb], sa_mask[0]=11111111011111110111111111111111, sa_flags=SA_RESTART|SA_SIGINFO


---------------  S Y S T E M  ---------------

OS:Bsduname:Darwin 21.6.0 Darwin Kernel Version 21.6.0: Wed Aug 10 14:25:27 PDT 2022; root:xnu-8020.141.5~2/RELEASE_X86_64 x86_64
rlimit: STACK 8192k, CORE 0k, NPROC 2784, NOFILE 10240, AS infinity
load average:8.23 4.67 3.73

CPU:total 8 (initial active 8) (4 cores per cpu, 2 threads per core) family 6 model 158 stepping 9, cmov, cx8, fxsr, mmx, sse, sse2, sse3, ssse3, sse4.1, sse4.2, popcnt, avx, avx2, aes, clmul, erms, rtm, 3dnowpref, lzcnt, ht, tsc, tscinvbit, bmi1, bmi2, adx

Memory: 4k page, physical 16777216k(53680k free)

/proc/meminfo:


vm_info: Java HotSpot(TM) 64-Bit Server VM (25.371-b11) for bsd-amd64 JRE (1.8.0_371-b11), built on Mar 17 2023 03:56:31 by "java_re" with gcc 4.2.1 Compatible Apple LLVM 11.0.0 (clang-1100.0.33.17)

time: Tue Jul 18 19:40:17 2023
timezone: +07
elapsed time: 7.421456 seconds (0d 0h 0m 7s)

